Using pre-set license
Built from '2020.2/release' branch; Version is '2020.2.2f1 (068178b99f32) revision 426360'; Using compiler version '192528614'; Build Type 'Release'
OS: 'Windows 10 Home Single Language; OS build 18362.1016; Version 1903; 64bit' Language: 'ru' Physical Memory: 8034 MB
BatchMode: 1, IsHumanControllingUs: 0, StartBugReporterOnCrash: 0, Is64bit: 1, IsPro: 0

 COMMAND LINE ARGUMENTS:
D:\MyCode\2020.2.2f1\Editor\Unity.exe
-adb2
-batchMode
-noUpm
-name
AssetImportWorker1
-projectPath
D:/MyCode/NewLDM/ProjectLDM
-logFile
Logs/AssetImportWorker1.log
-srvPort
3361
Successfully changed project path to: D:/MyCode/NewLDM/ProjectLDM
D:/MyCode/NewLDM/ProjectLDM
Using Asset Import Pipeline V2.
Refreshing native plugins compatible for Editor in 36.13 ms, found 1 plugins.
Preloading 0 native plugins for Editor in 0.00 ms.
Initialize engine version: 2020.2.2f1 (068178b99f32)
[Subsystems] Discovering subsystems at path D:/MyCode/2020.2.2f1/Editor/Data/Resources/UnitySubsystems
[Subsystems] Discovering subsystems at path D:/MyCode/NewLDM/ProjectLDM/Assets
GfxDevice: creating device client; threaded=0
Direct3D:
    Version:  Direct3D 11.0 [level 11.1]
    Renderer: NVIDIA GeForce GTX 1050 (ID=0x1c8d)
    Vendor:   
    VRAM:     4019 MB
    Driver:   26.21.14.4108
Initialize mono
Mono path[0] = 'D:/MyCode/2020.2.2f1/Editor/Data/Managed'
Mono path[1] = 'D:/MyCode/2020.2.2f1/Editor/Data/MonoBleedingEdge/lib/mono/unityjit'
Mono config path = 'D:/MyCode/2020.2.2f1/Editor/Data/MonoBleedingEdge/etc'
Using monoOptions --debugger-agent=transport=dt_socket,embedding=1,server=y,suspend=n,address=127.0.0.1:56360
Begin MonoManager ReloadAssembly
Registering precompiled unity dll's ...
Register platform support module: D:/MyCode/2020.2.2f1/Editor/Data/PlaybackEngines/WindowsStandaloneSupport/UnityEditor.WindowsStandalone.Extensions.dll
Registered in 0.000854 seconds.
Native extension for WindowsStandalone target not found
Refreshing native plugins compatible for Editor in 33.98 ms, found 1 plugins.
Preloading 0 native plugins for Editor in 0.00 ms.
Invoked RoslynAnalysisRunner static constructor.
RoslynAnalysisRunner will not be running.
RoslynAnalysisRunner has terminated.
Mono: successfully reloaded assembly
- Completed reload, in  0.848 seconds
Platform modules already initialized, skipping
Registering precompiled user dll's ...
Registered in 0.001153 seconds.
Begin MonoManager ReloadAssembly
Native extension for WindowsStandalone target not found
Refreshing native plugins compatible for Editor in 35.77 ms, found 1 plugins.
Preloading 0 native plugins for Editor in 0.00 ms.
Invoked RoslynAnalysisRunner static constructor.
RoslynAnalysisRunner will not be running.
RoslynAnalysisRunner has terminated.
Mono: successfully reloaded assembly
- Completed reload, in  0.884 seconds
Platform modules already initialized, skipping
========================================================================
Worker process is ready to serve import requests
Launched and connected shader compiler UnityShaderCompiler.exe after 0.15 seconds
Refreshing native plugins compatible for Editor in 0.69 ms, found 1 plugins.
Preloading 0 native plugins for Editor in 0.00 ms.
Unloading 1790 Unused Serialized files (Serialized files now loaded: 0)
System memory in use before: 84.1 MB.
System memory in use after: 84.2 MB.

Unloading 20 unused Assets to reduce memory usage. Loaded Objects now: 2236.
Total: 2.155900 ms (FindLiveObjects: 0.257300 ms CreateObjectMapping: 0.231000 ms MarkObjects: 1.581600 ms  DeleteObjects: 0.084100 ms)

========================================================================
Received Import Request.
  path: Assets/Layers/Void.asset
  artifactKey: Guid(7467772559141a64dbd3102e82a5b2dc) Importer(815301076,1909f56bfc062723c751e8b465ee728b)
Start importing Assets/Layers/Void.asset using Guid(7467772559141a64dbd3102e82a5b2dc) Importer(815301076,1909f56bfc062723c751e8b465ee728b)  -> (artifact id: '2f19f5ce9b5f1b994574e9feddc7d73f') in 0.128455 seconds
  Import took 0.131274 seconds .

========================================================================
Received Prepare
Registering precompiled user dll's ...
Registered in 0.001378 seconds.
Begin MonoManager ReloadAssembly
Native extension for WindowsStandalone target not found
Refreshing native plugins compatible for Editor in 0.51 ms, found 1 plugins.
Preloading 0 native plugins for Editor in 0.00 ms.
Invoked RoslynAnalysisRunner static constructor.
RoslynAnalysisRunner will not be running.
RoslynAnalysisRunner has terminated.
Mono: successfully reloaded assembly
- Completed reload, in  0.989 seconds
Platform modules already initialized, skipping
Refreshing native plugins compatible for Editor in 0.40 ms, found 1 plugins.
Preloading 0 native plugins for Editor in 0.00 ms.
Unloading 1780 Unused Serialized files (Serialized files now loaded: 0)
System memory in use before: 83.7 MB.
System memory in use after: 83.9 MB.

Unloading 9 unused Assets to reduce memory usage. Loaded Objects now: 2238.
Total: 3.984200 ms (FindLiveObjects: 0.157700 ms CreateObjectMapping: 0.113800 ms MarkObjects: 3.691300 ms  DeleteObjects: 0.019900 ms)

========================================================================
Received Prepare
Registering precompiled user dll's ...
Registered in 0.000955 seconds.
Begin MonoManager ReloadAssembly
Native extension for WindowsStandalone target not found
Refreshing native plugins compatible for Editor in 0.38 ms, found 1 plugins.
Preloading 0 native plugins for Editor in 0.00 ms.
Invoked RoslynAnalysisRunner static constructor.
RoslynAnalysisRunner will not be running.
RoslynAnalysisRunner has terminated.
Mono: successfully reloaded assembly
- Completed reload, in  0.908 seconds
Platform modules already initialized, skipping
Refreshing native plugins compatible for Editor in 0.36 ms, found 1 plugins.
Preloading 0 native plugins for Editor in 0.00 ms.
Unloading 1780 Unused Serialized files (Serialized files now loaded: 0)
System memory in use before: 83.9 MB.
System memory in use after: 84.0 MB.

Unloading 9 unused Assets to reduce memory usage. Loaded Objects now: 2240.
Total: 2.006100 ms (FindLiveObjects: 0.227000 ms CreateObjectMapping: 0.068700 ms MarkObjects: 1.695900 ms  DeleteObjects: 0.013000 ms)

========================================================================
Received Prepare
Registering precompiled user dll's ...
Registered in 0.000947 seconds.
Begin MonoManager ReloadAssembly
Native extension for WindowsStandalone target not found
Refreshing native plugins compatible for Editor in 0.34 ms, found 1 plugins.
Preloading 0 native plugins for Editor in 0.00 ms.
Invoked RoslynAnalysisRunner static constructor.
RoslynAnalysisRunner will not be running.
RoslynAnalysisRunner has terminated.
Mono: successfully reloaded assembly
- Completed reload, in  0.922 seconds
Platform modules already initialized, skipping
Refreshing native plugins compatible for Editor in 0.37 ms, found 1 plugins.
Preloading 0 native plugins for Editor in 0.00 ms.
Unloading 1780 Unused Serialized files (Serialized files now loaded: 0)
System memory in use before: 84.0 MB.
System memory in use after: 84.1 MB.

Unloading 9 unused Assets to reduce memory usage. Loaded Objects now: 2242.
Total: 2.039200 ms (FindLiveObjects: 0.183200 ms CreateObjectMapping: 0.054500 ms MarkObjects: 1.759000 ms  DeleteObjects: 0.041600 ms)

========================================================================
Received Prepare
Registering precompiled user dll's ...
Registered in 0.001192 seconds.
Begin MonoManager ReloadAssembly
Native extension for WindowsStandalone target not found
Refreshing native plugins compatible for Editor in 0.62 ms, found 1 plugins.
Preloading 0 native plugins for Editor in 0.00 ms.
Invoked RoslynAnalysisRunner static constructor.
RoslynAnalysisRunner will not be running.
RoslynAnalysisRunner has terminated.
Mono: successfully reloaded assembly
- Completed reload, in  0.938 seconds
Platform modules already initialized, skipping
Refreshing native plugins compatible for Editor in 0.36 ms, found 1 plugins.
Preloading 0 native plugins for Editor in 0.00 ms.
Unloading 1780 Unused Serialized files (Serialized files now loaded: 0)
System memory in use before: 84.1 MB.
System memory in use after: 84.2 MB.

Unloading 9 unused Assets to reduce memory usage. Loaded Objects now: 2244.
Total: 2.692400 ms (FindLiveObjects: 0.216600 ms CreateObjectMapping: 0.066300 ms MarkObjects: 2.388900 ms  DeleteObjects: 0.019100 ms)

========================================================================
Received Prepare
Registering precompiled user dll's ...
Registered in 0.000989 seconds.
Begin MonoManager ReloadAssembly
Native extension for WindowsStandalone target not found
Refreshing native plugins compatible for Editor in 0.33 ms, found 1 plugins.
Preloading 0 native plugins for Editor in 0.00 ms.
Invoked RoslynAnalysisRunner static constructor.
RoslynAnalysisRunner will not be running.
RoslynAnalysisRunner has terminated.
Mono: successfully reloaded assembly
- Completed reload, in  0.921 seconds
Platform modules already initialized, skipping
Refreshing native plugins compatible for Editor in 0.37 ms, found 1 plugins.
Preloading 0 native plugins for Editor in 0.00 ms.
Unloading 1780 Unused Serialized files (Serialized files now loaded: 0)
System memory in use before: 84.2 MB.
System memory in use after: 84.3 MB.

Unloading 9 unused Assets to reduce memory usage. Loaded Objects now: 2246.
Total: 2.082900 ms (FindLiveObjects: 0.347000 ms CreateObjectMapping: 0.104400 ms MarkObjects: 1.611600 ms  DeleteObjects: 0.017100 ms)

========================================================================
Received Prepare
Registering precompiled user dll's ...
Registered in 0.001046 seconds.
Begin MonoManager ReloadAssembly
Native extension for WindowsStandalone target not found
Refreshing native plugins compatible for Editor in 0.34 ms, found 1 plugins.
Preloading 0 native plugins for Editor in 0.00 ms.
Invoked RoslynAnalysisRunner static constructor.
RoslynAnalysisRunner will not be running.
RoslynAnalysisRunner has terminated.
Mono: successfully reloaded assembly
- Completed reload, in  0.886 seconds
Platform modules already initialized, skipping
Refreshing native plugins compatible for Editor in 0.51 ms, found 1 plugins.
Preloading 0 native plugins for Editor in 0.00 ms.
Unloading 1780 Unused Serialized files (Serialized files now loaded: 0)
System memory in use before: 84.3 MB.
System memory in use after: 84.4 MB.

Unloading 9 unused Assets to reduce memory usage. Loaded Objects now: 2248.
Total: 2.314200 ms (FindLiveObjects: 0.304800 ms CreateObjectMapping: 0.107300 ms MarkObjects: 1.881800 ms  DeleteObjects: 0.018900 ms)

========================================================================
Received Prepare
Registering precompiled user dll's ...
Registered in 0.001101 seconds.
Begin MonoManager ReloadAssembly
Native extension for WindowsStandalone target not found
Refreshing native plugins compatible for Editor in 0.35 ms, found 1 plugins.
Preloading 0 native plugins for Editor in 0.00 ms.
Invoked RoslynAnalysisRunner static constructor.
RoslynAnalysisRunner will not be running.
RoslynAnalysisRunner has terminated.
Mono: successfully reloaded assembly
- Completed reload, in  0.882 seconds
Platform modules already initialized, skipping
Refreshing native plugins compatible for Editor in 0.38 ms, found 1 plugins.
Preloading 0 native plugins for Editor in 0.00 ms.
Unloading 1780 Unused Serialized files (Serialized files now loaded: 0)
System memory in use before: 84.4 MB.
System memory in use after: 84.5 MB.

Unloading 9 unused Assets to reduce memory usage. Loaded Objects now: 2250.
Total: 2.259700 ms (FindLiveObjects: 0.197200 ms CreateObjectMapping: 0.068300 ms MarkObjects: 1.929500 ms  DeleteObjects: 0.039300 ms)

========================================================================
Received Import Request.
  Time since last request: 947.609567 seconds.
  path: Assets/Scripts/GeoGens/StructGeo.cs
  artifactKey: Guid(68b8308df09493b43b351ebe5133e5a0) Importer(815301076,1909f56bfc062723c751e8b465ee728b)
Start importing Assets/Scripts/GeoGens/StructGeo.cs using Guid(68b8308df09493b43b351ebe5133e5a0) Importer(815301076,1909f56bfc062723c751e8b465ee728b)  -> (artifact id: '4506826a56f27084d54bf4c14f158c83') in 0.021451 seconds
  Import took 0.027583 seconds .

========================================================================
Received Import Request.
  Time since last request: 0.001463 seconds.
  path: Assets/Scripts/GeoGens/StructGeo.cs
  artifactKey: Guid(68b8308df09493b43b351ebe5133e5a0) Importer(815301076,1909f56bfc062723c751e8b465ee728b)
Start importing Assets/Scripts/GeoGens/StructGeo.cs using Guid(68b8308df09493b43b351ebe5133e5a0) Importer(815301076,1909f56bfc062723c751e8b465ee728b)  -> (artifact id: '4506826a56f27084d54bf4c14f158c83') in 0.005633 seconds
  Import took 0.012357 seconds .

========================================================================
Received Prepare
Registering precompiled user dll's ...
Registered in 0.000964 seconds.
Begin MonoManager ReloadAssembly
Native extension for WindowsStandalone target not found
Refreshing native plugins compatible for Editor in 1.18 ms, found 1 plugins.
Preloading 0 native plugins for Editor in 0.00 ms.
Invoked RoslynAnalysisRunner static constructor.
RoslynAnalysisRunner will not be running.
RoslynAnalysisRunner has terminated.
Mono: successfully reloaded assembly
- Completed reload, in  0.986 seconds
Platform modules already initialized, skipping
Refreshing native plugins compatible for Editor in 5.97 ms, found 1 plugins.
Preloading 0 native plugins for Editor in 0.00 ms.
Unloading 1781 Unused Serialized files (Serialized files now loaded: 0)
System memory in use before: 84.5 MB.
System memory in use after: 84.6 MB.

Unloading 9 unused Assets to reduce memory usage. Loaded Objects now: 2253.
Total: 1.670300 ms (FindLiveObjects: 0.209200 ms CreateObjectMapping: 0.068200 ms MarkObjects: 1.379000 ms  DeleteObjects: 0.013000 ms)

========================================================================
Received Prepare
Registering precompiled user dll's ...
Registered in 0.001151 seconds.
Begin MonoManager ReloadAssembly
Native extension for WindowsStandalone target not found
Refreshing native plugins compatible for Editor in 0.42 ms, found 1 plugins.
Preloading 0 native plugins for Editor in 0.00 ms.
Invoked RoslynAnalysisRunner static constructor.
RoslynAnalysisRunner will not be running.
RoslynAnalysisRunner has terminated.
Mono: successfully reloaded assembly
- Completed reload, in  0.918 seconds
Platform modules already initialized, skipping
Refreshing native plugins compatible for Editor in 0.35 ms, found 1 plugins.
Preloading 0 native plugins for Editor in 0.00 ms.
Unloading 1781 Unused Serialized files (Serialized files now loaded: 0)
System memory in use before: 84.6 MB.
System memory in use after: 84.7 MB.

Unloading 9 unused Assets to reduce memory usage. Loaded Objects now: 2255.
Total: 1.992300 ms (FindLiveObjects: 0.302300 ms CreateObjectMapping: 0.088300 ms MarkObjects: 1.583700 ms  DeleteObjects: 0.016300 ms)

========================================================================
Received Import Request.
  Time since last request: 321.981586 seconds.
  path: Assets/Layers/Uplands/Textures/BGDirt.png
  artifactKey: Guid(e01e322693af73344a1c01224a0f9778) Importer(815301076,1909f56bfc062723c751e8b465ee728b)
Start importing Assets/Layers/Uplands/Textures/BGDirt.png using Guid(e01e322693af73344a1c01224a0f9778) Importer(815301076,1909f56bfc062723c751e8b465ee728b)  -> (artifact id: '184d4c592a92de843fea8b91899f0f88') in 0.393142 seconds
  Import took 0.396487 seconds .

========================================================================
Received Import Request.
  Time since last request: 0.000230 seconds.
  path: Assets/Layers/Uplands/Textures/RootsTS.png
  artifactKey: Guid(c36fadf3f1346a04fadd86074b202951) Importer(815301076,1909f56bfc062723c751e8b465ee728b)
Start importing Assets/Layers/Uplands/Textures/RootsTS.png using Guid(c36fadf3f1346a04fadd86074b202951) Importer(815301076,1909f56bfc062723c751e8b465ee728b)  -> (artifact id: '95be17ba337505ce93565b28fe23d51f') in 0.042968 seconds
  Import took 0.046551 seconds .

========================================================================
Received Import Request.
  Time since last request: 0.000271 seconds.
  path: Assets/Layers/Uplands/Textures/TinTS.png
  artifactKey: Guid(dcc4227d015f9384a820abf97a96447c) Importer(815301076,1909f56bfc062723c751e8b465ee728b)
Start importing Assets/Layers/Uplands/Textures/TinTS.png using Guid(dcc4227d015f9384a820abf97a96447c) Importer(815301076,1909f56bfc062723c751e8b465ee728b)  -> (artifact id: 'fb48d143e98b5d587b2aaff53155a168') in 0.036003 seconds
  Import took 0.043324 seconds .

========================================================================
Received Import Request.
  Time since last request: 0.000278 seconds.
  path: Assets/Layers/Uplands/Textures/DirtTileset.png
  artifactKey: Guid(6fa2f4b2cebb48046b70ff7a398ac9ab) Importer(815301076,1909f56bfc062723c751e8b465ee728b)
Start importing Assets/Layers/Uplands/Textures/DirtTileset.png using Guid(6fa2f4b2cebb48046b70ff7a398ac9ab) Importer(815301076,1909f56bfc062723c751e8b465ee728b)  -> (artifact id: '3be20e3daad6a82a06f3b55ad236bb93') in 0.079445 seconds
  Import took 0.082382 seconds .

========================================================================
Received Import Request.
  Time since last request: 0.000217 seconds.
  path: Assets/Layers/Uplands/Textures/CopperTS.png
  artifactKey: Guid(28b143c2386fe374f9e4c57df4978f89) Importer(815301076,1909f56bfc062723c751e8b465ee728b)
Start importing Assets/Layers/Uplands/Textures/CopperTS.png using Guid(28b143c2386fe374f9e4c57df4978f89) Importer(815301076,1909f56bfc062723c751e8b465ee728b)  -> (artifact id: 'b229f2117f3526d3daef91efc15776f0') in 0.060663 seconds
  Import took 0.065438 seconds .

========================================================================
Received Import Request.
  Time since last request: 0.000179 seconds.
  path: Assets/Scripts/GeoGens/StructGeo.cs
  artifactKey: Guid(68b8308df09493b43b351ebe5133e5a0) Importer(815301076,1909f56bfc062723c751e8b465ee728b)
Start importing Assets/Scripts/GeoGens/StructGeo.cs using Guid(68b8308df09493b43b351ebe5133e5a0) Importer(815301076,1909f56bfc062723c751e8b465ee728b)  -> (artifact id: '511f9db8cb19cdd9199d289137e9e6e6') in 0.002086 seconds
  Import took 0.006238 seconds .

========================================================================
Received Import Request.
  Time since last request: 0.000186 seconds.
  path: Assets/Layers/Uplands/Textures/Sandstone.png
  artifactKey: Guid(4dbd4c17dbed73147b11428fb8a5e186) Importer(815301076,1909f56bfc062723c751e8b465ee728b)
Start importing Assets/Layers/Uplands/Textures/Sandstone.png using Guid(4dbd4c17dbed73147b11428fb8a5e186) Importer(815301076,1909f56bfc062723c751e8b465ee728b)  -> (artifact id: 'ddb986c9d590cb8cb5d80ae91dbd4f87') in 0.084568 seconds
  Import took 0.089465 seconds .

========================================================================
Received Import Request.
  Time since last request: 0.000239 seconds.
  path: Assets/Layers/Uplands/Textures/UplandsTS.png
  artifactKey: Guid(9f537e565d4e1524c8e649abce611c63) Importer(815301076,1909f56bfc062723c751e8b465ee728b)
Start importing Assets/Layers/Uplands/Textures/UplandsTS.png using Guid(9f537e565d4e1524c8e649abce611c63) Importer(815301076,1909f56bfc062723c751e8b465ee728b)  -> (artifact id: 'f59c6959e19c2a478ebf0be8042977ab') in 0.055260 seconds
  Import took 0.058805 seconds .

========================================================================
Received Import Request.
  Time since last request: 0.000278 seconds.
  path: Assets/Layers/Uplands/Textures/Sandstone.png
  artifactKey: Guid(4dbd4c17dbed73147b11428fb8a5e186) Importer(815301076,1909f56bfc062723c751e8b465ee728b)
Start importing Assets/Layers/Uplands/Textures/Sandstone.png using Guid(4dbd4c17dbed73147b11428fb8a5e186) Importer(815301076,1909f56bfc062723c751e8b465ee728b)  -> (artifact id: 'ddb986c9d590cb8cb5d80ae91dbd4f87') in 0.049299 seconds
  Import took 0.053119 seconds .

========================================================================
Received Import Request.
  Time since last request: 36.643556 seconds.
  path: Assets/Layers/Uplands/Textures/Amber1.png
  artifactKey: Guid(9d8552ef865c1dc43819047755acbd11) Importer(815301076,1909f56bfc062723c751e8b465ee728b)
Start importing Assets/Layers/Uplands/Textures/Amber1.png using Guid(9d8552ef865c1dc43819047755acbd11) Importer(815301076,1909f56bfc062723c751e8b465ee728b)  -> (artifact id: 'e897034426a56dab777d491a363968da') in 0.047420 seconds
  Import took 0.055040 seconds .

========================================================================
Received Import Request.
  Time since last request: 0.000162 seconds.
  path: Assets/Layers/Uplands/Textures/Amber3.png
  artifactKey: Guid(6aa101e615e3aef428a362f88025556e) Importer(815301076,1909f56bfc062723c751e8b465ee728b)
Start importing Assets/Layers/Uplands/Textures/Amber3.png using Guid(6aa101e615e3aef428a362f88025556e) Importer(815301076,1909f56bfc062723c751e8b465ee728b)  -> (artifact id: 'e62cd81a3ad24143396678cfa3e2adb8') in 0.031377 seconds
  Import took 0.034930 seconds .

========================================================================
Received Import Request.
  Time since last request: 0.000189 seconds.
  path: Assets/Layers/Uplands/Textures/Amber2.png
  artifactKey: Guid(3a4036d831b44d141a5175381960af49) Importer(815301076,1909f56bfc062723c751e8b465ee728b)
Start importing Assets/Layers/Uplands/Textures/Amber2.png using Guid(3a4036d831b44d141a5175381960af49) Importer(815301076,1909f56bfc062723c751e8b465ee728b)  -> (artifact id: '1497e3f9fce5b764b01ec341c85563e5') in 0.028470 seconds
  Import took 0.034310 seconds .

========================================================================
Received Import Request.
  Time since last request: 0.006944 seconds.
  path: Assets/Layers/Uplands/Textures/Amber2.png
  artifactKey: Guid(3a4036d831b44d141a5175381960af49) Importer(815301076,1909f56bfc062723c751e8b465ee728b)
Start importing Assets/Layers/Uplands/Textures/Amber2.png using Guid(3a4036d831b44d141a5175381960af49) Importer(815301076,1909f56bfc062723c751e8b465ee728b)  -> (artifact id: '1497e3f9fce5b764b01ec341c85563e5') in 0.056089 seconds
  Import took 0.061454 seconds .

========================================================================
Received Import Request.
  Time since last request: 34.785045 seconds.
  path: Assets/Layers/Uplands/Textures/Amber1.png
  artifactKey: Guid(9d8552ef865c1dc43819047755acbd11) Importer(815301076,1909f56bfc062723c751e8b465ee728b)
Start importing Assets/Layers/Uplands/Textures/Amber1.png using Guid(9d8552ef865c1dc43819047755acbd11) Importer(815301076,1909f56bfc062723c751e8b465ee728b)  -> (artifact id: '083024035369e84dadd73a7b5afc75dd') in 0.020246 seconds
  Import took 0.025713 seconds .

========================================================================
Received Import Request.
  Time since last request: 10.448024 seconds.
  path: Assets/Layers/Uplands/Textures/Amber2.png
  artifactKey: Guid(3a4036d831b44d141a5175381960af49) Importer(815301076,1909f56bfc062723c751e8b465ee728b)
Start importing Assets/Layers/Uplands/Textures/Amber2.png using Guid(3a4036d831b44d141a5175381960af49) Importer(815301076,1909f56bfc062723c751e8b465ee728b)  -> (artifact id: '7ee4373bcc2dad67bb57e1ef03b0861f') in 0.016820 seconds
  Import took 0.024251 seconds .

========================================================================
Received Import Request.
  Time since last request: 6.943550 seconds.
  path: Assets/Layers/Uplands/Textures/Amber3.png
  artifactKey: Guid(6aa101e615e3aef428a362f88025556e) Importer(815301076,1909f56bfc062723c751e8b465ee728b)
Start importing Assets/Layers/Uplands/Textures/Amber3.png using Guid(6aa101e615e3aef428a362f88025556e) Importer(815301076,1909f56bfc062723c751e8b465ee728b)  -> (artifact id: '33569c9a660d738025010ce7f0276ab4') in 0.025088 seconds
  Import took 0.030067 seconds .

========================================================================
Received Import Request.
  Time since last request: 14.235384 seconds.
  path: Assets/Layers/Uplands/Textures/Amber3.png
  artifactKey: Guid(6aa101e615e3aef428a362f88025556e) Importer(815301076,1909f56bfc062723c751e8b465ee728b)
Start importing Assets/Layers/Uplands/Textures/Amber3.png using Guid(6aa101e615e3aef428a362f88025556e) Importer(815301076,1909f56bfc062723c751e8b465ee728b)  -> (artifact id: 'dc416535d4f110daa370254073b490ed') in 0.025068 seconds
  Import took 0.031195 seconds .

========================================================================
Received Import Request.
  Time since last request: 6.402830 seconds.
  path: Assets/Layers/Uplands/Textures/Amber2.png
  artifactKey: Guid(3a4036d831b44d141a5175381960af49) Importer(815301076,1909f56bfc062723c751e8b465ee728b)
Start importing Assets/Layers/Uplands/Textures/Amber2.png using Guid(3a4036d831b44d141a5175381960af49) Importer(815301076,1909f56bfc062723c751e8b465ee728b)  -> (artifact id: 'bc864979dcdb20bff1c0c58e0fb567a2') in 0.017928 seconds
  Import took 0.022307 seconds .

========================================================================
Received Import Request.
  Time since last request: 5.494844 seconds.
  path: Assets/Layers/Uplands/Textures/Amber1.png
  artifactKey: Guid(9d8552ef865c1dc43819047755acbd11) Importer(815301076,1909f56bfc062723c751e8b465ee728b)
Start importing Assets/Layers/Uplands/Textures/Amber1.png using Guid(9d8552ef865c1dc43819047755acbd11) Importer(815301076,1909f56bfc062723c751e8b465ee728b)  -> (artifact id: '99276dee4f3d7dc6d7aa9642f7b8376f') in 0.014631 seconds
  Import took 0.021650 seconds .

========================================================================
Received Import Request.
  Time since last request: 16.835252 seconds.
  path: Assets/Layers/Uplands/Geos/CaveGeo.asset
  artifactKey: Guid(fcb11581d26345f4296307b8770520b0) Importer(815301076,1909f56bfc062723c751e8b465ee728b)
Start importing Assets/Layers/Uplands/Geos/CaveGeo.asset using Guid(fcb11581d26345f4296307b8770520b0) Importer(815301076,1909f56bfc062723c751e8b465ee728b)  -> (artifact id: 'cca18832239c563322dbb465233d978c') in 0.048868 seconds
  Import took 0.056325 seconds .

========================================================================
Received Import Request.
  Time since last request: 0.000227 seconds.
  path: Assets/Layers/Uplands/Geos/RootsSpawnArea.asset
  artifactKey: Guid(7f6f86b5d1dd7a74d87d9fee53f4b695) Importer(815301076,1909f56bfc062723c751e8b465ee728b)
Start importing Assets/Layers/Uplands/Geos/RootsSpawnArea.asset using Guid(7f6f86b5d1dd7a74d87d9fee53f4b695) Importer(815301076,1909f56bfc062723c751e8b465ee728b)  -> (artifact id: '7f9901ebf7d9800a9d8aa8935e7e3994') in 0.139546 seconds
  Import took 0.143890 seconds .

========================================================================
Received Import Request.
  Time since last request: 0.000196 seconds.
  path: Assets/Layers/Uplands/Geos/SandstoneGeo.asset
  artifactKey: Guid(e7c8aa393a58a3c4b87f423fb29a83b1) Importer(815301076,1909f56bfc062723c751e8b465ee728b)
Start importing Assets/Layers/Uplands/Geos/SandstoneGeo.asset using Guid(e7c8aa393a58a3c4b87f423fb29a83b1) Importer(815301076,1909f56bfc062723c751e8b465ee728b)  -> (artifact id: 'a29dd39adee351f25a14826d92d1be92') in 0.052871 seconds
  Import took 0.055937 seconds .

========================================================================
Received Import Request.
  Time since last request: 0.000200 seconds.
  path: Assets/Layers/Uplands/Geos/CopperGeo.asset
  artifactKey: Guid(f6d47d1c72c191744b66248af8fc3ba6) Importer(815301076,1909f56bfc062723c751e8b465ee728b)
Start importing Assets/Layers/Uplands/Geos/CopperGeo.asset using Guid(f6d47d1c72c191744b66248af8fc3ba6) Importer(815301076,1909f56bfc062723c751e8b465ee728b)  -> (artifact id: '4e708ad72e67c501db6223939a6ee129') in 0.036218 seconds
  Import took 0.042868 seconds .

========================================================================
Received Import Request.
  Time since last request: 0.000262 seconds.
  path: Assets/Layers/Uplands/Geos/DirtGeo.asset
  artifactKey: Guid(ed4d5e60e47dd8b4fac8f0dc412456c9) Importer(815301076,1909f56bfc062723c751e8b465ee728b)
Start importing Assets/Layers/Uplands/Geos/DirtGeo.asset using Guid(ed4d5e60e47dd8b4fac8f0dc412456c9) Importer(815301076,1909f56bfc062723c751e8b465ee728b)  -> (artifact id: '79cf0762e5a898512a3408b3c5bb6a4d') in 0.036380 seconds
  Import took 0.040710 seconds .

========================================================================
Received Import Request.
  Time since last request: 0.000353 seconds.
  path: Assets/Layers/Uplands/Geos/RootsCount.asset
  artifactKey: Guid(d266fe8e2fd2d2b428f336d26dc853e7) Importer(815301076,1909f56bfc062723c751e8b465ee728b)
Start importing Assets/Layers/Uplands/Geos/RootsCount.asset using Guid(d266fe8e2fd2d2b428f336d26dc853e7) Importer(815301076,1909f56bfc062723c751e8b465ee728b)  -> (artifact id: '965e218da0c0467c52106efbb87d872c') in 0.034951 seconds
  Import took 0.046555 seconds .

========================================================================
Received Import Request.
  Time since last request: 0.000162 seconds.
  path: Assets/Layers/Uplands/Geos/RootsGeo.asset
  artifactKey: Guid(c21d8d24d0b14df4e8b4f9a70efad371) Importer(815301076,1909f56bfc062723c751e8b465ee728b)
Start importing Assets/Layers/Uplands/Geos/RootsGeo.asset using Guid(c21d8d24d0b14df4e8b4f9a70efad371) Importer(815301076,1909f56bfc062723c751e8b465ee728b)  -> (artifact id: '93b77c4c0e9a8953b3b490090f9a15bb') in 0.034354 seconds
  Import took 0.040609 seconds .

========================================================================
Received Import Request.
  Time since last request: 0.000253 seconds.
  path: Assets/Layers/Uplands/Geos/TinGeo.asset
  artifactKey: Guid(9b6ceba30c5457e429c1318b23975084) Importer(815301076,1909f56bfc062723c751e8b465ee728b)
Start importing Assets/Layers/Uplands/Geos/TinGeo.asset using Guid(9b6ceba30c5457e429c1318b23975084) Importer(815301076,1909f56bfc062723c751e8b465ee728b)  -> (artifact id: 'f391d0e24d66dd0e0349f0d520f93c21') in 0.009775 seconds
  Import took 0.020157 seconds .

========================================================================
Received Import Request.
  Time since last request: 0.250996 seconds.
  path: Assets/Layers/Uplands/Geos
  artifactKey: Guid(82fcdcf2c67982842953c97fafe49bb4) Importer(815301076,1909f56bfc062723c751e8b465ee728b)
Start importing Assets/Layers/Uplands/Geos using Guid(82fcdcf2c67982842953c97fafe49bb4) Importer(815301076,1909f56bfc062723c751e8b465ee728b)  -> (artifact id: '2e4f4ce034d8949ec6fc648c8827ae7b') in 0.011730 seconds
  Import took 0.018771 seconds .

========================================================================
Received Prepare
Registering precompiled user dll's ...
Registered in 0.001038 seconds.
Begin MonoManager ReloadAssembly
Native extension for WindowsStandalone target not found
Refreshing native plugins compatible for Editor in 0.34 ms, found 1 plugins.
Preloading 0 native plugins for Editor in 0.00 ms.
Invoked RoslynAnalysisRunner static constructor.
RoslynAnalysisRunner will not be running.
RoslynAnalysisRunner has terminated.
Mono: successfully reloaded assembly
- Completed reload, in  0.883 seconds
Platform modules already initialized, skipping
Refreshing native plugins compatible for Editor in 0.64 ms, found 1 plugins.
Preloading 0 native plugins for Editor in 0.00 ms.
Unloading 1781 Unused Serialized files (Serialized files now loaded: 0)
System memory in use before: 90.0 MB.
System memory in use after: 90.2 MB.

Unloading 9 unused Assets to reduce memory usage. Loaded Objects now: 3240.
Total: 2.407600 ms (FindLiveObjects: 0.534800 ms CreateObjectMapping: 0.126300 ms MarkObjects: 1.727400 ms  DeleteObjects: 0.018100 ms)

========================================================================
Received Import Request.
  Time since last request: 92.340349 seconds.
  path: Assets/Layers/Uplands/Geos/AmberGeo.asset
  artifactKey: Guid(d3ab7ed6d03100b49a6d42910d6bb20a) Importer(815301076,1909f56bfc062723c751e8b465ee728b)
Start importing Assets/Layers/Uplands/Geos/AmberGeo.asset using Guid(d3ab7ed6d03100b49a6d42910d6bb20a) Importer(815301076,1909f56bfc062723c751e8b465ee728b)  -> (artifact id: 'e06b2de47979f1597e00fb5331edd9e0') in 0.026037 seconds
  Import took 0.030912 seconds .

========================================================================
Received Import Request.
  Time since last request: 2.338036 seconds.
  path: Assets/Layers/Uplands/Tiles/Copper.asset
  artifactKey: Guid(9aa710f3b377ca04db6320237d56383b) Importer(815301076,1909f56bfc062723c751e8b465ee728b)
Start importing Assets/Layers/Uplands/Tiles/Copper.asset using Guid(9aa710f3b377ca04db6320237d56383b) Importer(815301076,1909f56bfc062723c751e8b465ee728b)  -> (artifact id: '58bb6ea6b4b9f6b887e744a2cb52601b') in 0.069596 seconds
  Import took 0.074200 seconds .

========================================================================
Received Import Request.
  Time since last request: 0.000371 seconds.
  path: Assets/Layers/Uplands/Tiles/Dirt.asset
  artifactKey: Guid(40be554c10a46ac4696f8544d622d02f) Importer(815301076,1909f56bfc062723c751e8b465ee728b)
Start importing Assets/Layers/Uplands/Tiles/Dirt.asset using Guid(40be554c10a46ac4696f8544d622d02f) Importer(815301076,1909f56bfc062723c751e8b465ee728b)  -> (artifact id: 'cd0891197eaa92b881f27bcefd231220') in 0.032863 seconds
  Import took 0.036514 seconds .

========================================================================
Received Import Request.
  Time since last request: 0.000271 seconds.
  path: Assets/Layers/Uplands/Tiles/RootTile.asset
  artifactKey: Guid(bc576053c2b773b47944054b316ab296) Importer(815301076,1909f56bfc062723c751e8b465ee728b)
Start importing Assets/Layers/Uplands/Tiles/RootTile.asset using Guid(bc576053c2b773b47944054b316ab296) Importer(815301076,1909f56bfc062723c751e8b465ee728b)  -> (artifact id: '9bf8200b1b1242af8b4965e988785dfa') in 0.032842 seconds
  Import took 0.035889 seconds .

========================================================================
Received Import Request.
  Time since last request: 0.000386 seconds.
  path: Assets/Layers/Uplands/Tiles/Sandstone.asset
  artifactKey: Guid(79d2da5ec24d20741b2b19467bf3df28) Importer(815301076,1909f56bfc062723c751e8b465ee728b)
Start importing Assets/Layers/Uplands/Tiles/Sandstone.asset using Guid(79d2da5ec24d20741b2b19467bf3df28) Importer(815301076,1909f56bfc062723c751e8b465ee728b)  -> (artifact id: '29f6fddd85edcfdb23d9be0721ec0ed7') in 0.030750 seconds
  Import took 0.035694 seconds .

========================================================================
Received Import Request.
  Time since last request: 0.000839 seconds.
  path: Assets/Layers/Uplands/Tiles/Tin.asset
  artifactKey: Guid(046ff61c79574d74fa4af271b10d7ff6) Importer(815301076,1909f56bfc062723c751e8b465ee728b)
Start importing Assets/Layers/Uplands/Tiles/Tin.asset using Guid(046ff61c79574d74fa4af271b10d7ff6) Importer(815301076,1909f56bfc062723c751e8b465ee728b)  -> (artifact id: '333667b064330c58d290fb316af545f0') in 0.008634 seconds
  Import took 0.013185 seconds .

========================================================================
Received Import Request.
  Time since last request: 13.597929 seconds.
  path: Assets/Layers/Uplands/Datas
  artifactKey: Guid(6aefe109414cf8b4db62269a4c02ff93) Importer(815301076,1909f56bfc062723c751e8b465ee728b)
Start importing Assets/Layers/Uplands/Datas using Guid(6aefe109414cf8b4db62269a4c02ff93) Importer(815301076,1909f56bfc062723c751e8b465ee728b)  -> (artifact id: '598d9176b37f465db2f05d415348b910') in 0.012240 seconds
  Import took 0.015650 seconds .

========================================================================
Received Import Request.
  Time since last request: 6.108841 seconds.
  path: Assets/Layers/Uplands/Datas/New Struct Data.asset
  artifactKey: Guid(e62502a18fa91a34ab45194994a95209) Importer(815301076,1909f56bfc062723c751e8b465ee728b)
Start importing Assets/Layers/Uplands/Datas/New Struct Data.asset using Guid(e62502a18fa91a34ab45194994a95209) Importer(815301076,1909f56bfc062723c751e8b465ee728b)  -> (artifact id: 'cd56c129430bb067ec90fc5f7106b88b') in 0.009419 seconds
  Import took 0.016324 seconds .

========================================================================
Received Import Request.
  Time since last request: 0.001452 seconds.
  path: Assets/Layers/Uplands/Datas/New Struct Data.asset
  artifactKey: Guid(e62502a18fa91a34ab45194994a95209) Importer(815301076,1909f56bfc062723c751e8b465ee728b)
Start importing Assets/Layers/Uplands/Datas/New Struct Data.asset using Guid(e62502a18fa91a34ab45194994a95209) Importer(815301076,1909f56bfc062723c751e8b465ee728b)  -> (artifact id: 'cd56c129430bb067ec90fc5f7106b88b') in 0.004624 seconds
  Import took 0.008925 seconds .

========================================================================
Received Import Request.
  Time since last request: 15.742486 seconds.
  path: Assets/Layers/Uplands/Datas/Amber1.asset
  artifactKey: Guid(9a92383ef151fec49a0908fb7818e54f) Importer(815301076,1909f56bfc062723c751e8b465ee728b)
Start importing Assets/Layers/Uplands/Datas/Amber1.asset using Guid(9a92383ef151fec49a0908fb7818e54f) Importer(815301076,1909f56bfc062723c751e8b465ee728b)  -> (artifact id: '16a4f01502d012dc381bcae4a17c6bab') in 0.007023 seconds
  Import took 0.010738 seconds .

========================================================================
Received Import Request.
  Time since last request: 0.001319 seconds.
  path: Assets/Layers/Uplands/Datas/Amber1.asset
  artifactKey: Guid(9a92383ef151fec49a0908fb7818e54f) Importer(815301076,1909f56bfc062723c751e8b465ee728b)
Start importing Assets/Layers/Uplands/Datas/Amber1.asset using Guid(9a92383ef151fec49a0908fb7818e54f) Importer(815301076,1909f56bfc062723c751e8b465ee728b)  -> (artifact id: '16a4f01502d012dc381bcae4a17c6bab') in 0.003674 seconds
  Import took 0.010671 seconds .

========================================================================
Received Import Request.
  Time since last request: 2.044590 seconds.
  path: Assets/Layers/Deepstone/Textures/DungeonBrick.png
  artifactKey: Guid(f3c9344ef72acd0419500d230b70c89e) Importer(815301076,1909f56bfc062723c751e8b465ee728b)
Start importing Assets/Layers/Deepstone/Textures/DungeonBrick.png using Guid(f3c9344ef72acd0419500d230b70c89e) Importer(815301076,1909f56bfc062723c751e8b465ee728b)  -> (artifact id: '735fb6b75cb927d330aaec769651e394') in 0.110709 seconds
  Import took 0.115197 seconds .

========================================================================
Received Import Request.
  Time since last request: 0.000331 seconds.
  path: Assets/Layers/Deepstone/Textures/StoneTS.png
  artifactKey: Guid(45c5292de8dc87b4098cb999dafb1822) Importer(815301076,1909f56bfc062723c751e8b465ee728b)
Start importing Assets/Layers/Deepstone/Textures/StoneTS.png using Guid(45c5292de8dc87b4098cb999dafb1822) Importer(815301076,1909f56bfc062723c751e8b465ee728b)  -> (artifact id: '6e1256ff09e8b4026b2786ab03596050') in 0.059154 seconds
  Import took 0.064413 seconds .

========================================================================
Received Import Request.
  Time since last request: 0.002750 seconds.
  path: Assets/Layers/Deepstone/Textures/StoneTS.png
  artifactKey: Guid(45c5292de8dc87b4098cb999dafb1822) Importer(815301076,1909f56bfc062723c751e8b465ee728b)
Start importing Assets/Layers/Deepstone/Textures/StoneTS.png using Guid(45c5292de8dc87b4098cb999dafb1822) Importer(815301076,1909f56bfc062723c751e8b465ee728b)  -> (artifact id: '6e1256ff09e8b4026b2786ab03596050') in 0.072471 seconds
  Import took 0.075840 seconds .

========================================================================
Received Import Request.
  Time since last request: 17.764033 seconds.
  path: Assets/Layers/Uplands/Datas/Amber2.asset
  artifactKey: Guid(028853926c8183543b19eca63a3a749c) Importer(815301076,1909f56bfc062723c751e8b465ee728b)
Start importing Assets/Layers/Uplands/Datas/Amber2.asset using Guid(028853926c8183543b19eca63a3a749c) Importer(815301076,1909f56bfc062723c751e8b465ee728b)  -> (artifact id: '1c3726e874707dc77a6bbef3b56b7f51') in 0.011170 seconds
  Import took 0.015565 seconds .

========================================================================
Received Import Request.
  Time since last request: 13.272517 seconds.
  path: Assets/Layers/Uplands/Datas/Amber3.asset
  artifactKey: Guid(03d4915b87f61384483840a0e797214c) Importer(815301076,1909f56bfc062723c751e8b465ee728b)
Start importing Assets/Layers/Uplands/Datas/Amber3.asset using Guid(03d4915b87f61384483840a0e797214c) Importer(815301076,1909f56bfc062723c751e8b465ee728b)  -> (artifact id: '64ecb28332edee92401c5c78cee79a23') in 0.007110 seconds
  Import took 0.011320 seconds .

========================================================================
Received Import Request.
  Time since last request: 0.001276 seconds.
  path: Assets/Layers/Uplands/Datas/Amber3.asset
  artifactKey: Guid(03d4915b87f61384483840a0e797214c) Importer(815301076,1909f56bfc062723c751e8b465ee728b)
Start importing Assets/Layers/Uplands/Datas/Amber3.asset using Guid(03d4915b87f61384483840a0e797214c) Importer(815301076,1909f56bfc062723c751e8b465ee728b)  -> (artifact id: '64ecb28332edee92401c5c78cee79a23') in 0.002743 seconds
  Import took 0.006859 seconds .

========================================================================
Received Import Request.
  Time since last request: 34.067482 seconds.
  path: Assets/Layers/Uplands/Uplands.asset
  artifactKey: Guid(803615cbc3c8b2d4b9d3aad609701f4d) Importer(815301076,1909f56bfc062723c751e8b465ee728b)
Start importing Assets/Layers/Uplands/Uplands.asset using Guid(803615cbc3c8b2d4b9d3aad609701f4d) Importer(815301076,1909f56bfc062723c751e8b465ee728b)  -> (artifact id: '87525622ad5fd4051f06ad65601070f7') in 0.340098 seconds
  Import took 0.344922 seconds .

========================================================================
Received Import Request.
  Time since last request: 0.000234 seconds.
  path: Assets/Layers/Uplands/UplandsGeo.asset
  artifactKey: Guid(4e1e376b2ec08eb4291d529978814142) Importer(815301076,1909f56bfc062723c751e8b465ee728b)
Start importing Assets/Layers/Uplands/UplandsGeo.asset using Guid(4e1e376b2ec08eb4291d529978814142) Importer(815301076,1909f56bfc062723c751e8b465ee728b)  -> (artifact id: '6dc5a4692b9fe0a3e6a9749b5e194498') in 0.064484 seconds
  Import took 0.068015 seconds .

========================================================================
Received Prepare
Registering precompiled user dll's ...
Registered in 0.001217 seconds.
Begin MonoManager ReloadAssembly
Native extension for WindowsStandalone target not found
Refreshing native plugins compatible for Editor in 0.34 ms, found 1 plugins.
Preloading 0 native plugins for Editor in 0.00 ms.
Invoked RoslynAnalysisRunner static constructor.
RoslynAnalysisRunner will not be running.
RoslynAnalysisRunner has terminated.
Mono: successfully reloaded assembly
- Completed reload, in  0.945 seconds
Platform modules already initialized, skipping
Refreshing native plugins compatible for Editor in 0.71 ms, found 1 plugins.
Preloading 0 native plugins for Editor in 0.00 ms.
Unloading 1781 Unused Serialized files (Serialized files now loaded: 0)
System memory in use before: 92.2 MB.
System memory in use after: 92.4 MB.

Unloading 9 unused Assets to reduce memory usage. Loaded Objects now: 4216.
Total: 3.278100 ms (FindLiveObjects: 0.559000 ms CreateObjectMapping: 0.157000 ms MarkObjects: 2.528600 ms  DeleteObjects: 0.031900 ms)

========================================================================
Received Import Request.
  Time since last request: 93.086486 seconds.
  path: Assets/Layers/Uplands/Geos/AmberCountGeo.asset
  artifactKey: Guid(f2d1a9fbfbb531641af442bdd00bd6d9) Importer(815301076,1909f56bfc062723c751e8b465ee728b)
Start importing Assets/Layers/Uplands/Geos/AmberCountGeo.asset using Guid(f2d1a9fbfbb531641af442bdd00bd6d9) Importer(815301076,1909f56bfc062723c751e8b465ee728b)  -> (artifact id: '2795423e8820b1b403c7e7e082e2caf3') in 0.020719 seconds
  Import took 0.027345 seconds .

========================================================================
Received Import Request.
  Time since last request: 18.092238 seconds.
  path: Assets/Layers/Uplands/Geos/AmberArea.asset
  artifactKey: Guid(6ea52fc73a813c14eb3285fee3c0e86b) Importer(815301076,1909f56bfc062723c751e8b465ee728b)
Start importing Assets/Layers/Uplands/Geos/AmberArea.asset using Guid(6ea52fc73a813c14eb3285fee3c0e86b) Importer(815301076,1909f56bfc062723c751e8b465ee728b)  -> (artifact id: 'fb254473b862bfe7d4d25b9d7ff3f159') in 0.009585 seconds
  Import took 0.019130 seconds .

========================================================================
Received Prepare
Registering precompiled user dll's ...
Registered in 0.014794 seconds.
Begin MonoManager ReloadAssembly
Native extension for WindowsStandalone target not found
Refreshing native plugins compatible for Editor in 0.73 ms, found 1 plugins.
Preloading 0 native plugins for Editor in 0.00 ms.
Invoked RoslynAnalysisRunner static constructor.
RoslynAnalysisRunner will not be running.
RoslynAnalysisRunner has terminated.
Mono: successfully reloaded assembly
- Completed reload, in  1.580 seconds
Platform modules already initialized, skipping
Refreshing native plugins compatible for Editor in 2.10 ms, found 1 plugins.
Preloading 0 native plugins for Editor in 0.00 ms.
Unloading 1781 Unused Serialized files (Serialized files now loaded: 0)
System memory in use before: 92.3 MB.
System memory in use after: 92.6 MB.

Unloading 9 unused Assets to reduce memory usage. Loaded Objects now: 4218.
Total: 8.636200 ms (FindLiveObjects: 3.268900 ms CreateObjectMapping: 0.234900 ms MarkObjects: 5.095000 ms  DeleteObjects: 0.033000 ms)

========================================================================
Received Prepare
Registering precompiled user dll's ...
Registered in 0.001006 seconds.
Begin MonoManager ReloadAssembly
Native extension for WindowsStandalone target not found
Refreshing native plugins compatible for Editor in 0.63 ms, found 1 plugins.
Preloading 0 native plugins for Editor in 0.00 ms.
Invoked RoslynAnalysisRunner static constructor.
RoslynAnalysisRunner will not be running.
RoslynAnalysisRunner has terminated.
Mono: successfully reloaded assembly
- Completed reload, in  0.926 seconds
Platform modules already initialized, skipping
Refreshing native plugins compatible for Editor in 0.39 ms, found 1 plugins.
Preloading 0 native plugins for Editor in 0.00 ms.
Unloading 1781 Unused Serialized files (Serialized files now loaded: 0)
System memory in use before: 92.4 MB.
System memory in use after: 92.7 MB.

Unloading 9 unused Assets to reduce memory usage. Loaded Objects now: 4220.
Total: 3.188600 ms (FindLiveObjects: 0.779700 ms CreateObjectMapping: 0.228400 ms MarkObjects: 2.161700 ms  DeleteObjects: 0.017500 ms)

========================================================================
Received Import Request.
  Time since last request: 129.925706 seconds.
  path: Assets/Layers/Uplands/Textures/Amber3.png
  artifactKey: Guid(6aa101e615e3aef428a362f88025556e) Importer(815301076,1909f56bfc062723c751e8b465ee728b)
Start importing Assets/Layers/Uplands/Textures/Amber3.png using Guid(6aa101e615e3aef428a362f88025556e) Importer(815301076,1909f56bfc062723c751e8b465ee728b)  -> (artifact id: 'cf17e7213ed00e1ad4b085d9ae53009f') in 0.124449 seconds
  Import took 0.131035 seconds .

========================================================================
Received Import Request.
  Time since last request: 6.928620 seconds.
  path: Assets/Layers/Uplands/Textures/Amber2.png
  artifactKey: Guid(3a4036d831b44d141a5175381960af49) Importer(815301076,1909f56bfc062723c751e8b465ee728b)
Start importing Assets/Layers/Uplands/Textures/Amber2.png using Guid(3a4036d831b44d141a5175381960af49) Importer(815301076,1909f56bfc062723c751e8b465ee728b)  -> (artifact id: '8ed781799b095ed901963c142cb32858') in 0.017080 seconds
  Import took 0.034340 seconds .

========================================================================
Received Import Request.
  Time since last request: 4.285088 seconds.
  path: Assets/Layers/Uplands/Textures/Amber1.png
  artifactKey: Guid(9d8552ef865c1dc43819047755acbd11) Importer(815301076,1909f56bfc062723c751e8b465ee728b)
Start importing Assets/Layers/Uplands/Textures/Amber1.png using Guid(9d8552ef865c1dc43819047755acbd11) Importer(815301076,1909f56bfc062723c751e8b465ee728b)  -> (artifact id: 'e1d971a9597ce69eb7be8691900d5859') in 0.022650 seconds
  Import took 0.043693 seconds .

========================================================================
Received Prepare
Registering precompiled user dll's ...
Registered in 0.002184 seconds.
Begin MonoManager ReloadAssembly
Native extension for WindowsStandalone target not found
Refreshing native plugins compatible for Editor in 0.34 ms, found 1 plugins.
Preloading 0 native plugins for Editor in 0.00 ms.
Invoked RoslynAnalysisRunner static constructor.
RoslynAnalysisRunner will not be running.
RoslynAnalysisRunner has terminated.
Mono: successfully reloaded assembly
- Completed reload, in  1.080 seconds
Platform modules already initialized, skipping
Refreshing native plugins compatible for Editor in 0.37 ms, found 1 plugins.
Preloading 0 native plugins for Editor in 0.00 ms.
Unloading 1781 Unused Serialized files (Serialized files now loaded: 0)
System memory in use before: 92.5 MB.
System memory in use after: 92.8 MB.

Unloading 9 unused Assets to reduce memory usage. Loaded Objects now: 4223.
Total: 2.303800 ms (FindLiveObjects: 0.397800 ms CreateObjectMapping: 0.096000 ms MarkObjects: 1.794100 ms  DeleteObjects: 0.015200 ms)

========================================================================
Received Import Request.
  Time since last request: 56.162965 seconds.
  path: Assets/Layers/Uplands/Textures/Amber3.png
  artifactKey: Guid(6aa101e615e3aef428a362f88025556e) Importer(815301076,1909f56bfc062723c751e8b465ee728b)
Start importing Assets/Layers/Uplands/Textures/Amber3.png using Guid(6aa101e615e3aef428a362f88025556e) Importer(815301076,1909f56bfc062723c751e8b465ee728b)  -> (artifact id: '4e44dc68033aa8f054fbdc2846cff58c') in 0.067267 seconds
  Import took 0.071144 seconds .

========================================================================
Received Import Request.
  Time since last request: 0.442578 seconds.
  path: Assets/Layers/Uplands/Textures/Amber3.png
  artifactKey: Guid(6aa101e615e3aef428a362f88025556e) Importer(815301076,1909f56bfc062723c751e8b465ee728b)
Start importing Assets/Layers/Uplands/Textures/Amber3.png using Guid(6aa101e615e3aef428a362f88025556e) Importer(815301076,1909f56bfc062723c751e8b465ee728b)  -> (artifact id: '4e44dc68033aa8f054fbdc2846cff58c') in 0.012859 seconds
  Import took 0.017263 seconds .

========================================================================
Received Prepare
Registering precompiled user dll's ...
Registered in 0.001864 seconds.
Begin MonoManager ReloadAssembly
Native extension for WindowsStandalone target not found
Refreshing native plugins compatible for Editor in 0.52 ms, found 1 plugins.
Preloading 0 native plugins for Editor in 0.00 ms.
Invoked RoslynAnalysisRunner static constructor.
RoslynAnalysisRunner will not be running.
RoslynAnalysisRunner has terminated.
Mono: successfully reloaded assembly
- Completed reload, in  0.904 seconds
Platform modules already initialized, skipping
Refreshing native plugins compatible for Editor in 0.38 ms, found 1 plugins.
Preloading 0 native plugins for Editor in 0.00 ms.
Unloading 1781 Unused Serialized files (Serialized files now loaded: 0)
System memory in use before: 92.6 MB.
System memory in use after: 92.9 MB.

Unloading 9 unused Assets to reduce memory usage. Loaded Objects now: 4226.
Total: 2.700200 ms (FindLiveObjects: 0.435900 ms CreateObjectMapping: 0.128300 ms MarkObjects: 2.085800 ms  DeleteObjects: 0.048800 ms)

========================================================================
Received Import Request.
  Time since last request: 19.425042 seconds.
  path: Assets/Layers/Uplands/Textures/Amber3.png
  artifactKey: Guid(6aa101e615e3aef428a362f88025556e) Importer(815301076,1909f56bfc062723c751e8b465ee728b)
Start importing Assets/Layers/Uplands/Textures/Amber3.png using Guid(6aa101e615e3aef428a362f88025556e) Importer(815301076,1909f56bfc062723c751e8b465ee728b)  -> (artifact id: '7b4af9688e4f3c803cda50c68477d116') in 0.084787 seconds
  Import took 0.088981 seconds .

========================================================================
Received Prepare
Registering precompiled user dll's ...
Registered in 0.001151 seconds.
Begin MonoManager ReloadAssembly
Native extension for WindowsStandalone target not found
Refreshing native plugins compatible for Editor in 0.38 ms, found 1 plugins.
Preloading 0 native plugins for Editor in 0.00 ms.
Invoked RoslynAnalysisRunner static constructor.
RoslynAnalysisRunner will not be running.
RoslynAnalysisRunner has terminated.
Mono: successfully reloaded assembly
- Completed reload, in  0.922 seconds
Platform modules already initialized, skipping
Refreshing native plugins compatible for Editor in 1.75 ms, found 1 plugins.
Preloading 0 native plugins for Editor in 0.00 ms.
Unloading 1781 Unused Serialized files (Serialized files now loaded: 0)
System memory in use before: 92.7 MB.
System memory in use after: 93.0 MB.

Unloading 9 unused Assets to reduce memory usage. Loaded Objects now: 4229.
Total: 2.524500 ms (FindLiveObjects: 0.426800 ms CreateObjectMapping: 0.098100 ms MarkObjects: 1.981800 ms  DeleteObjects: 0.016600 ms)

========================================================================
Received Prepare
Registering precompiled user dll's ...
Registered in 0.001385 seconds.
Begin MonoManager ReloadAssembly
Native extension for WindowsStandalone target not found
Refreshing native plugins compatible for Editor in 0.52 ms, found 1 plugins.
Preloading 0 native plugins for Editor in 0.00 ms.
Invoked RoslynAnalysisRunner static constructor.
RoslynAnalysisRunner will not be running.
RoslynAnalysisRunner has terminated.
Mono: successfully reloaded assembly
- Completed reload, in  0.967 seconds
Platform modules already initialized, skipping
Refreshing native plugins compatible for Editor in 0.33 ms, found 1 plugins.
Preloading 0 native plugins for Editor in 0.00 ms.
Unloading 1781 Unused Serialized files (Serialized files now loaded: 0)
System memory in use before: 92.8 MB.
System memory in use after: 93.1 MB.

Unloading 9 unused Assets to reduce memory usage. Loaded Objects now: 4231.
Total: 3.350100 ms (FindLiveObjects: 0.532600 ms CreateObjectMapping: 0.111700 ms MarkObjects: 2.686400 ms  DeleteObjects: 0.017900 ms)

========================================================================
Received Import Request.
  Time since last request: 90.070605 seconds.
  path: Assets/Layers/Uplands/Textures/Amber3.png
  artifactKey: Guid(6aa101e615e3aef428a362f88025556e) Importer(815301076,1909f56bfc062723c751e8b465ee728b)
Start importing Assets/Layers/Uplands/Textures/Amber3.png using Guid(6aa101e615e3aef428a362f88025556e) Importer(815301076,1909f56bfc062723c751e8b465ee728b)  -> (artifact id: '31e37f273019b22b6a69138356714013') in 0.050776 seconds
  Import took 0.054613 seconds .

========================================================================
Received Prepare
Registering precompiled user dll's ...
Registered in 0.000954 seconds.
Begin MonoManager ReloadAssembly
Native extension for WindowsStandalone target not found
Refreshing native plugins compatible for Editor in 0.43 ms, found 1 plugins.
Preloading 0 native plugins for Editor in 0.00 ms.
Invoked RoslynAnalysisRunner static constructor.
RoslynAnalysisRunner will not be running.
RoslynAnalysisRunner has terminated.
Mono: successfully reloaded assembly
- Completed reload, in  1.054 seconds
Platform modules already initialized, skipping
Refreshing native plugins compatible for Editor in 0.38 ms, found 1 plugins.
Preloading 0 native plugins for Editor in 0.00 ms.
Unloading 1781 Unused Serialized files (Serialized files now loaded: 0)
System memory in use before: 92.9 MB.
System memory in use after: 93.2 MB.

Unloading 9 unused Assets to reduce memory usage. Loaded Objects now: 4234.
Total: 3.150400 ms (FindLiveObjects: 0.395500 ms CreateObjectMapping: 0.098400 ms MarkObjects: 2.622100 ms  DeleteObjects: 0.033000 ms)

========================================================================
Received Import Request.
  Time since last request: 53.528159 seconds.
  path: Assets/Layers/Uplands/Textures/Amber3.png
  artifactKey: Guid(6aa101e615e3aef428a362f88025556e) Importer(815301076,1909f56bfc062723c751e8b465ee728b)
Start importing Assets/Layers/Uplands/Textures/Amber3.png using Guid(6aa101e615e3aef428a362f88025556e) Importer(815301076,1909f56bfc062723c751e8b465ee728b)  -> (artifact id: '758e3f159fc574dfabc26b40fbca1927') in 0.120532 seconds
  Import took 0.126221 seconds .

========================================================================
Received Prepare
Registering precompiled user dll's ...
Registered in 0.004438 seconds.
Begin MonoManager ReloadAssembly
Native extension for WindowsStandalone target not found
Refreshing native plugins compatible for Editor in 0.33 ms, found 1 plugins.
Preloading 0 native plugins for Editor in 0.00 ms.
Invoked RoslynAnalysisRunner static constructor.
RoslynAnalysisRunner will not be running.
RoslynAnalysisRunner has terminated.
Mono: successfully reloaded assembly
- Completed reload, in  0.901 seconds
Platform modules already initialized, skipping
Refreshing native plugins compatible for Editor in 0.37 ms, found 1 plugins.
Preloading 0 native plugins for Editor in 0.00 ms.
Unloading 1781 Unused Serialized files (Serialized files now loaded: 0)
System memory in use before: 93.0 MB.
System memory in use after: 93.3 MB.

Unloading 9 unused Assets to reduce memory usage. Loaded Objects now: 4237.
Total: 5.076200 ms (FindLiveObjects: 1.957900 ms CreateObjectMapping: 0.285500 ms MarkObjects: 2.786400 ms  DeleteObjects: 0.042500 ms)

========================================================================
Received Import Request.
  Time since last request: 77.367534 seconds.
  path: Assets/Layers/Uplands/Textures/Amber3.png
  artifactKey: Guid(6aa101e615e3aef428a362f88025556e) Importer(815301076,1909f56bfc062723c751e8b465ee728b)
Start importing Assets/Layers/Uplands/Textures/Amber3.png using Guid(6aa101e615e3aef428a362f88025556e) Importer(815301076,1909f56bfc062723c751e8b465ee728b)  -> (artifact id: 'a42637fe940e0add4137f3d3254597b2') in 0.058029 seconds
  Import took 0.062169 seconds .

========================================================================
Received Prepare
Registering precompiled user dll's ...
Registered in 0.001133 seconds.
Begin MonoManager ReloadAssembly
Native extension for WindowsStandalone target not found
Refreshing native plugins compatible for Editor in 0.37 ms, found 1 plugins.
Preloading 0 native plugins for Editor in 0.00 ms.
Invoked RoslynAnalysisRunner static constructor.
RoslynAnalysisRunner will not be running.
RoslynAnalysisRunner has terminated.
Mono: successfully reloaded assembly
- Completed reload, in  0.949 seconds
Platform modules already initialized, skipping
Refreshing native plugins compatible for Editor in 1.53 ms, found 1 plugins.
Preloading 0 native plugins for Editor in 0.00 ms.
Unloading 1781 Unused Serialized files (Serialized files now loaded: 0)
System memory in use before: 93.1 MB.
System memory in use after: 93.4 MB.

Unloading 9 unused Assets to reduce memory usage. Loaded Objects now: 4240.
Total: 2.925800 ms (FindLiveObjects: 0.678900 ms CreateObjectMapping: 0.136300 ms MarkObjects: 2.087900 ms  DeleteObjects: 0.020700 ms)

========================================================================
Received Prepare
Registering precompiled user dll's ...
Registered in 0.001140 seconds.
Begin MonoManager ReloadAssembly
Native extension for WindowsStandalone target not found
Refreshing native plugins compatible for Editor in 0.35 ms, found 1 plugins.
Preloading 0 native plugins for Editor in 0.00 ms.
Invoked RoslynAnalysisRunner static constructor.
RoslynAnalysisRunner will not be running.
RoslynAnalysisRunner has terminated.
Mono: successfully reloaded assembly
- Completed reload, in  0.981 seconds
Platform modules already initialized, skipping
Refreshing native plugins compatible for Editor in 0.40 ms, found 1 plugins.
Preloading 0 native plugins for Editor in 0.00 ms.
Unloading 1781 Unused Serialized files (Serialized files now loaded: 0)
System memory in use before: 93.2 MB.
System memory in use after: 93.5 MB.

Unloading 9 unused Assets to reduce memory usage. Loaded Objects now: 4242.
Total: 2.281200 ms (FindLiveObjects: 0.462800 ms CreateObjectMapping: 0.106500 ms MarkObjects: 1.694700 ms  DeleteObjects: 0.015700 ms)

========================================================================
Received Import Request.
  Time since last request: 100.355134 seconds.
  path: Assets/Layers/Uplands/Textures/Amber3.png
  artifactKey: Guid(6aa101e615e3aef428a362f88025556e) Importer(815301076,1909f56bfc062723c751e8b465ee728b)
Start importing Assets/Layers/Uplands/Textures/Amber3.png using Guid(6aa101e615e3aef428a362f88025556e) Importer(815301076,1909f56bfc062723c751e8b465ee728b)  -> (artifact id: '3619257801d7d21a2006ee271601c60a') in 0.075633 seconds
  Import took 0.078636 seconds .

========================================================================
Received Prepare
Registering precompiled user dll's ...
Registered in 0.001478 seconds.
Begin MonoManager ReloadAssembly
Native extension for WindowsStandalone target not found
Refreshing native plugins compatible for Editor in 0.75 ms, found 1 plugins.
Preloading 0 native plugins for Editor in 0.00 ms.
Invoked RoslynAnalysisRunner static constructor.
RoslynAnalysisRunner will not be running.
RoslynAnalysisRunner has terminated.
Mono: successfully reloaded assembly
- Completed reload, in  0.943 seconds
Platform modules already initialized, skipping
Refreshing native plugins compatible for Editor in 0.72 ms, found 1 plugins.
Preloading 0 native plugins for Editor in 0.00 ms.
Unloading 1781 Unused Serialized files (Serialized files now loaded: 0)
System memory in use before: 93.3 MB.
System memory in use after: 93.6 MB.

Unloading 9 unused Assets to reduce memory usage. Loaded Objects now: 4245.
Total: 2.550700 ms (FindLiveObjects: 0.357000 ms CreateObjectMapping: 0.095100 ms MarkObjects: 2.081000 ms  DeleteObjects: 0.016700 ms)

========================================================================
Received Import Request.
  Time since last request: 23.690420 seconds.
  path: Assets/Layers/Uplands/Textures/Amber3.png
  artifactKey: Guid(6aa101e615e3aef428a362f88025556e) Importer(815301076,1909f56bfc062723c751e8b465ee728b)
Start importing Assets/Layers/Uplands/Textures/Amber3.png using Guid(6aa101e615e3aef428a362f88025556e) Importer(815301076,1909f56bfc062723c751e8b465ee728b)  -> (artifact id: 'd8333667a3bc0b863804d70797393d62') in 0.045878 seconds
  Import took 0.049313 seconds .

========================================================================
Received Prepare
Registering precompiled user dll's ...
Registered in 0.001051 seconds.
Begin MonoManager ReloadAssembly
Native extension for WindowsStandalone target not found
Refreshing native plugins compatible for Editor in 0.37 ms, found 1 plugins.
Preloading 0 native plugins for Editor in 0.00 ms.
Invoked RoslynAnalysisRunner static constructor.
RoslynAnalysisRunner will not be running.
RoslynAnalysisRunner has terminated.
Mono: successfully reloaded assembly
- Completed reload, in  0.964 seconds
Platform modules already initialized, skipping
Refreshing native plugins compatible for Editor in 0.35 ms, found 1 plugins.
Preloading 0 native plugins for Editor in 0.00 ms.
Unloading 1781 Unused Serialized files (Serialized files now loaded: 0)
System memory in use before: 93.3 MB.
System memory in use after: 93.6 MB.

Unloading 9 unused Assets to reduce memory usage. Loaded Objects now: 4248.
Total: 6.165900 ms (FindLiveObjects: 0.401500 ms CreateObjectMapping: 0.098600 ms MarkObjects: 5.643800 ms  DeleteObjects: 0.020600 ms)

========================================================================
Received Import Request.
  Time since last request: 44.941556 seconds.
  path: Assets/Layers/Uplands/Textures/Amber3.png
  artifactKey: Guid(6aa101e615e3aef428a362f88025556e) Importer(815301076,1909f56bfc062723c751e8b465ee728b)
Start importing Assets/Layers/Uplands/Textures/Amber3.png using Guid(6aa101e615e3aef428a362f88025556e) Importer(815301076,1909f56bfc062723c751e8b465ee728b)  -> (artifact id: '291d665f2fe0401bf522cd16f5aac6c7') in 0.071733 seconds
  Import took 0.075645 seconds .

========================================================================
Received Prepare
Registering precompiled user dll's ...
Registered in 0.001236 seconds.
Begin MonoManager ReloadAssembly
Native extension for WindowsStandalone target not found
Refreshing native plugins compatible for Editor in 0.41 ms, found 1 plugins.
Preloading 0 native plugins for Editor in 0.00 ms.
Invoked RoslynAnalysisRunner static constructor.
RoslynAnalysisRunner will not be running.
RoslynAnalysisRunner has terminated.
Mono: successfully reloaded assembly
- Completed reload, in  1.067 seconds
Platform modules already initialized, skipping
Refreshing native plugins compatible for Editor in 0.41 ms, found 1 plugins.
Preloading 0 native plugins for Editor in 0.00 ms.
Unloading 1781 Unused Serialized files (Serialized files now loaded: 0)
System memory in use before: 92.5 MB.
System memory in use after: 92.7 MB.

Unloading 9 unused Assets to reduce memory usage. Loaded Objects now: 4251.
Total: 2.550800 ms (FindLiveObjects: 0.395900 ms CreateObjectMapping: 0.093600 ms MarkObjects: 2.043600 ms  DeleteObjects: 0.016800 ms)

========================================================================
Received Prepare
Registering precompiled user dll's ...
Registered in 0.006185 seconds.
Begin MonoManager ReloadAssembly
Native extension for WindowsStandalone target not found
Refreshing native plugins compatible for Editor in 1.93 ms, found 1 plugins.
Preloading 0 native plugins for Editor in 0.00 ms.
Invoked RoslynAnalysisRunner static constructor.
RoslynAnalysisRunner will not be running.
RoslynAnalysisRunner has terminated.
Mono: successfully reloaded assembly
- Completed reload, in  1.000 seconds
Platform modules already initialized, skipping
Refreshing native plugins compatible for Editor in 0.36 ms, found 1 plugins.
Preloading 0 native plugins for Editor in 0.00 ms.
Unloading 1781 Unused Serialized files (Serialized files now loaded: 0)
System memory in use before: 92.6 MB.
System memory in use after: 92.8 MB.

Unloading 9 unused Assets to reduce memory usage. Loaded Objects now: 4253.
Total: 3.053700 ms (FindLiveObjects: 0.405100 ms CreateObjectMapping: 0.101300 ms MarkObjects: 2.492100 ms  DeleteObjects: 0.053700 ms)

========================================================================
Received Import Request.
  Time since last request: 40.846930 seconds.
  path: Assets/Layers/Uplands/Textures/Amber3.png
  artifactKey: Guid(6aa101e615e3aef428a362f88025556e) Importer(815301076,1909f56bfc062723c751e8b465ee728b)
Start importing Assets/Layers/Uplands/Textures/Amber3.png using Guid(6aa101e615e3aef428a362f88025556e) Importer(815301076,1909f56bfc062723c751e8b465ee728b)  -> (artifact id: '2c5bfc750434533d5e8c0ba506e68d9f') in 0.071307 seconds
  Import took 0.075849 seconds .

========================================================================
Received Import Request.
  Time since last request: 0.092415 seconds.
  path: Assets/Layers/Uplands/Textures/Amber3.png
  artifactKey: Guid(6aa101e615e3aef428a362f88025556e) Importer(815301076,1909f56bfc062723c751e8b465ee728b)
Start importing Assets/Layers/Uplands/Textures/Amber3.png using Guid(6aa101e615e3aef428a362f88025556e) Importer(815301076,1909f56bfc062723c751e8b465ee728b)  -> (artifact id: '2c5bfc750434533d5e8c0ba506e68d9f') in 0.011285 seconds
  Import took 0.014839 seconds .

========================================================================
Received Import Request.
  Time since last request: 41.145677 seconds.
  path: Assets/Layers/Uplands/Textures/Amber2.png
  artifactKey: Guid(3a4036d831b44d141a5175381960af49) Importer(815301076,1909f56bfc062723c751e8b465ee728b)
Start importing Assets/Layers/Uplands/Textures/Amber2.png using Guid(3a4036d831b44d141a5175381960af49) Importer(815301076,1909f56bfc062723c751e8b465ee728b)  -> (artifact id: 'aeb8bec36fd4fee356d9fa69423c6cf8') in 0.021585 seconds
  Import took 0.027496 seconds .

========================================================================
Received Import Request.
  Time since last request: 4.950793 seconds.
  path: Assets/Layers/Uplands/Textures/Amber1.png
  artifactKey: Guid(9d8552ef865c1dc43819047755acbd11) Importer(815301076,1909f56bfc062723c751e8b465ee728b)
Start importing Assets/Layers/Uplands/Textures/Amber1.png using Guid(9d8552ef865c1dc43819047755acbd11) Importer(815301076,1909f56bfc062723c751e8b465ee728b)  -> (artifact id: '5d425ecb13265490234eab470d18b3b2') in 0.023681 seconds
  Import took 0.028078 seconds .

========================================================================
Received Prepare
Registering precompiled user dll's ...
Registered in 0.001053 seconds.
Begin MonoManager ReloadAssembly
Native extension for WindowsStandalone target not found
Refreshing native plugins compatible for Editor in 0.53 ms, found 1 plugins.
Preloading 0 native plugins for Editor in 0.00 ms.
Invoked RoslynAnalysisRunner static constructor.
RoslynAnalysisRunner will not be running.
RoslynAnalysisRunner has terminated.
Mono: successfully reloaded assembly
- Completed reload, in  1.045 seconds
Platform modules already initialized, skipping
Refreshing native plugins compatible for Editor in 0.34 ms, found 1 plugins.
Preloading 0 native plugins for Editor in 0.00 ms.
Unloading 1781 Unused Serialized files (Serialized files now loaded: 0)
System memory in use before: 92.7 MB.
System memory in use after: 92.9 MB.

Unloading 9 unused Assets to reduce memory usage. Loaded Objects now: 4256.
Total: 2.540800 ms (FindLiveObjects: 0.482300 ms CreateObjectMapping: 0.098100 ms MarkObjects: 1.943400 ms  DeleteObjects: 0.015600 ms)

========================================================================
Received Prepare
Registering precompiled user dll's ...
Registered in 0.001834 seconds.
Begin MonoManager ReloadAssembly
Native extension for WindowsStandalone target not found
Refreshing native plugins compatible for Editor in 0.45 ms, found 1 plugins.
Preloading 0 native plugins for Editor in 0.00 ms.
Invoked RoslynAnalysisRunner static constructor.
RoslynAnalysisRunner will not be running.
RoslynAnalysisRunner has terminated.
Mono: successfully reloaded assembly
- Completed reload, in  1.088 seconds
Platform modules already initialized, skipping
Refreshing native plugins compatible for Editor in 0.34 ms, found 1 plugins.
Preloading 0 native plugins for Editor in 0.00 ms.
Unloading 1781 Unused Serialized files (Serialized files now loaded: 0)
System memory in use before: 92.8 MB.
System memory in use after: 93.0 MB.

Unloading 9 unused Assets to reduce memory usage. Loaded Objects now: 4258.
Total: 3.200100 ms (FindLiveObjects: 0.608100 ms CreateObjectMapping: 0.139500 ms MarkObjects: 2.422600 ms  DeleteObjects: 0.026700 ms)

========================================================================
Received Prepare
Registering precompiled user dll's ...
Registered in 0.001569 seconds.
Begin MonoManager ReloadAssembly
Native extension for WindowsStandalone target not found
Refreshing native plugins compatible for Editor in 0.40 ms, found 1 plugins.
Preloading 0 native plugins for Editor in 0.00 ms.
Invoked RoslynAnalysisRunner static constructor.
RoslynAnalysisRunner will not be running.
RoslynAnalysisRunner has terminated.
Mono: successfully reloaded assembly
- Completed reload, in  0.909 seconds
Platform modules already initialized, skipping
Refreshing native plugins compatible for Editor in 0.33 ms, found 1 plugins.
Preloading 0 native plugins for Editor in 0.00 ms.
Unloading 1781 Unused Serialized files (Serialized files now loaded: 0)
System memory in use before: 92.9 MB.
System memory in use after: 93.1 MB.

Unloading 9 unused Assets to reduce memory usage. Loaded Objects now: 4260.
Total: 2.405400 ms (FindLiveObjects: 0.401600 ms CreateObjectMapping: 0.115300 ms MarkObjects: 1.870800 ms  DeleteObjects: 0.016400 ms)

========================================================================
Received Prepare
Registering precompiled user dll's ...
Registered in 0.001187 seconds.
Begin MonoManager ReloadAssembly
Native extension for WindowsStandalone target not found
Refreshing native plugins compatible for Editor in 0.36 ms, found 1 plugins.
Preloading 0 native plugins for Editor in 0.00 ms.
Invoked RoslynAnalysisRunner static constructor.
RoslynAnalysisRunner will not be running.
RoslynAnalysisRunner has terminated.
Mono: successfully reloaded assembly
- Completed reload, in  0.815 seconds
Platform modules already initialized, skipping
Refreshing native plugins compatible for Editor in 0.35 ms, found 1 plugins.
Preloading 0 native plugins for Editor in 0.00 ms.
Unloading 1781 Unused Serialized files (Serialized files now loaded: 0)
System memory in use before: 93.0 MB.
System memory in use after: 93.2 MB.

Unloading 9 unused Assets to reduce memory usage. Loaded Objects now: 4262.
Total: 4.790200 ms (FindLiveObjects: 1.719600 ms CreateObjectMapping: 0.201100 ms MarkObjects: 2.838100 ms  DeleteObjects: 0.029900 ms)

AssetImportWorkerClient::OnTransportError - code=2 error=End of file
