Using pre-set license
Built from '2020.2/release' branch; Version is '2020.2.2f1 (068178b99f32) revision 426360'; Using compiler version '192528614'; Build Type 'Release'
OS: 'Windows 10 Home Single Language; OS build 18362.1016; Version 1903; 64bit' Language: 'ru' Physical Memory: 8034 MB
BatchMode: 1, IsHumanControllingUs: 0, StartBugReporterOnCrash: 0, Is64bit: 1, IsPro: 0

 COMMAND LINE ARGUMENTS:
D:\Code\2020.2.2f1\Editor\Unity.exe
-adb2
-batchMode
-noUpm
-name
AssetImportWorker0
-projectPath
D:/Code/NewLDM/ProjectLDM
-logFile
Logs/AssetImportWorker0.log
-srvPort
5745
Successfully changed project path to: D:/Code/NewLDM/ProjectLDM
D:/Code/NewLDM/ProjectLDM
Using Asset Import Pipeline V2.
Refreshing native plugins compatible for Editor in 41.04 ms, found 1 plugins.
Preloading 0 native plugins for Editor in 0.00 ms.
Initialize engine version: 2020.2.2f1 (068178b99f32)
[Subsystems] Discovering subsystems at path D:/Code/2020.2.2f1/Editor/Data/Resources/UnitySubsystems
[Subsystems] Discovering subsystems at path D:/Code/NewLDM/ProjectLDM/Assets
GfxDevice: creating device client; threaded=0
Direct3D:
    Version:  Direct3D 11.0 [level 11.1]
    Renderer: NVIDIA GeForce GTX 1050 (ID=0x1c8d)
    Vendor:   
    VRAM:     4019 MB
    Driver:   26.21.14.4108
Initialize mono
Mono path[0] = 'D:/Code/2020.2.2f1/Editor/Data/Managed'
Mono path[1] = 'D:/Code/2020.2.2f1/Editor/Data/MonoBleedingEdge/lib/mono/unityjit'
Mono config path = 'D:/Code/2020.2.2f1/Editor/Data/MonoBleedingEdge/etc'
Using monoOptions --debugger-agent=transport=dt_socket,embedding=1,server=y,suspend=n,address=127.0.0.1:56016
Begin MonoManager ReloadAssembly
Registering precompiled unity dll's ...
Register platform support module: D:/Code/2020.2.2f1/Editor/Data/PlaybackEngines/WindowsStandaloneSupport/UnityEditor.WindowsStandalone.Extensions.dll
Registered in 0.001540 seconds.
Native extension for WindowsStandalone target not found
Refreshing native plugins compatible for Editor in 38.48 ms, found 1 plugins.
Preloading 0 native plugins for Editor in 0.00 ms.
Invoked RoslynAnalysisRunner static constructor.
RoslynAnalysisRunner will not be running.
RoslynAnalysisRunner has terminated.
Mono: successfully reloaded assembly
- Completed reload, in  0.861 seconds
Platform modules already initialized, skipping
Registering precompiled user dll's ...
Registered in 0.001040 seconds.
Begin MonoManager ReloadAssembly
Native extension for WindowsStandalone target not found
Refreshing native plugins compatible for Editor in 40.40 ms, found 1 plugins.
Preloading 0 native plugins for Editor in 0.00 ms.
Invoked RoslynAnalysisRunner static constructor.
RoslynAnalysisRunner will not be running.
RoslynAnalysisRunner has terminated.
Mono: successfully reloaded assembly
- Completed reload, in  0.972 seconds
Platform modules already initialized, skipping
========================================================================
Worker process is ready to serve import requests
Launched and connected shader compiler UnityShaderCompiler.exe after 0.09 seconds
Refreshing native plugins compatible for Editor in 0.56 ms, found 1 plugins.
Preloading 0 native plugins for Editor in 0.00 ms.
Unloading 1791 Unused Serialized files (Serialized files now loaded: 0)
System memory in use before: 84.1 MB.
System memory in use after: 84.2 MB.

Unloading 20 unused Assets to reduce memory usage. Loaded Objects now: 2237.
Total: 2.082600 ms (FindLiveObjects: 0.174400 ms CreateObjectMapping: 0.068100 ms MarkObjects: 1.729800 ms  DeleteObjects: 0.109400 ms)

========================================================================
Received Import Request.
  path: Assets/Layers/Seabed/Seabed.asset
  artifactKey: Guid(9eebe9b0337a4654b8715e24739b1f9a) Importer(815301076,1909f56bfc062723c751e8b465ee728b)
Start importing Assets/Layers/Seabed/Seabed.asset using Guid(9eebe9b0337a4654b8715e24739b1f9a) Importer(815301076,1909f56bfc062723c751e8b465ee728b)  -> (artifact id: '6e336a2e5dd06c6b3e0beb2d48dbe130') in 0.101941 seconds
  Import took 0.133692 seconds .

========================================================================
Received Prepare
Registering precompiled user dll's ...
Registered in 0.103096 seconds.
Begin MonoManager ReloadAssembly
Native extension for WindowsStandalone target not found
Refreshing native plugins compatible for Editor in 0.94 ms, found 1 plugins.
Preloading 0 native plugins for Editor in 0.00 ms.
Invoked RoslynAnalysisRunner static constructor.
RoslynAnalysisRunner will not be running.
RoslynAnalysisRunner has terminated.
Mono: successfully reloaded assembly
- Completed reload, in  0.842 seconds
Platform modules already initialized, skipping
Refreshing native plugins compatible for Editor in 0.73 ms, found 1 plugins.
Preloading 0 native plugins for Editor in 0.00 ms.
Unloading 1781 Unused Serialized files (Serialized files now loaded: 0)
System memory in use before: 83.8 MB.
System memory in use after: 83.9 MB.

Unloading 9 unused Assets to reduce memory usage. Loaded Objects now: 2239.
Total: 2.227200 ms (FindLiveObjects: 0.345000 ms CreateObjectMapping: 0.079300 ms MarkObjects: 1.784700 ms  DeleteObjects: 0.016200 ms)

========================================================================
Received Prepare
Registering precompiled user dll's ...
Registered in 0.001047 seconds.
Begin MonoManager ReloadAssembly
Native extension for WindowsStandalone target not found
Refreshing native plugins compatible for Editor in 0.36 ms, found 1 plugins.
Preloading 0 native plugins for Editor in 0.00 ms.
Invoked RoslynAnalysisRunner static constructor.
RoslynAnalysisRunner will not be running.
RoslynAnalysisRunner has terminated.
Mono: successfully reloaded assembly
- Completed reload, in  0.805 seconds
Platform modules already initialized, skipping
Refreshing native plugins compatible for Editor in 0.36 ms, found 1 plugins.
Preloading 0 native plugins for Editor in 0.00 ms.
Unloading 1781 Unused Serialized files (Serialized files now loaded: 0)
System memory in use before: 83.9 MB.
System memory in use after: 84.0 MB.

Unloading 9 unused Assets to reduce memory usage. Loaded Objects now: 2241.
Total: 2.251400 ms (FindLiveObjects: 0.173200 ms CreateObjectMapping: 0.059400 ms MarkObjects: 1.997000 ms  DeleteObjects: 0.020600 ms)

========================================================================
Received Import Request.
  Time since last request: 161.412785 seconds.
  path: Assets/Layers/Seabed/SeabedEntry.asset
  artifactKey: Guid(2fdf7644dbe718a4394807f8075b0278) Importer(815301076,1909f56bfc062723c751e8b465ee728b)
Start importing Assets/Layers/Seabed/SeabedEntry.asset using Guid(2fdf7644dbe718a4394807f8075b0278) Importer(815301076,1909f56bfc062723c751e8b465ee728b)  -> (artifact id: 'bc0e98a335d2d726a20fb2fa3cfa56e2') in 0.034799 seconds
  Import took 0.038922 seconds .

========================================================================
Received Import Request.
  Time since last request: 0.003365 seconds.
  path: Assets/Layers/Seabed/SeabedEntry.asset
  artifactKey: Guid(2fdf7644dbe718a4394807f8075b0278) Importer(815301076,1909f56bfc062723c751e8b465ee728b)
Start importing Assets/Layers/Seabed/SeabedEntry.asset using Guid(2fdf7644dbe718a4394807f8075b0278) Importer(815301076,1909f56bfc062723c751e8b465ee728b)  -> (artifact id: 'bc0e98a335d2d726a20fb2fa3cfa56e2') in 0.022746 seconds
  Import took 0.027523 seconds .

========================================================================
Received Import Request.
  Time since last request: 7.614086 seconds.
  path: Assets/Layers/Seabed/SeabedSum.asset
  artifactKey: Guid(2fdf7644dbe718a4394807f8075b0278) Importer(815301076,1909f56bfc062723c751e8b465ee728b)
Start importing Assets/Layers/Seabed/SeabedSum.asset using Guid(2fdf7644dbe718a4394807f8075b0278) Importer(815301076,1909f56bfc062723c751e8b465ee728b)  -> (artifact id: 'c9ecae9948f2c28840b24b3724f76422') in 0.012273 seconds
  Import took 0.021979 seconds .

========================================================================
Received Import Request.
  Time since last request: 26.111082 seconds.
  path: Assets/Layers/Seabed/VoidMain.asset
  artifactKey: Guid(e77afe366f4bbfb4da2b7ae4956f8b52) Importer(815301076,1909f56bfc062723c751e8b465ee728b)
Start importing Assets/Layers/Seabed/VoidMain.asset using Guid(e77afe366f4bbfb4da2b7ae4956f8b52) Importer(815301076,1909f56bfc062723c751e8b465ee728b)  -> (artifact id: '604878546244875c3dbac1d98b4a6fd8') in 0.012269 seconds
  Import took 0.016133 seconds .

========================================================================
Received Import Request.
  Time since last request: 33.734072 seconds.
  path: Assets/Layers/Seabed/Textures
  artifactKey: Guid(06476735ce12db245840d6b82a973364) Importer(815301076,1909f56bfc062723c751e8b465ee728b)
Start importing Assets/Layers/Seabed/Textures using Guid(06476735ce12db245840d6b82a973364) Importer(815301076,1909f56bfc062723c751e8b465ee728b)  -> (artifact id: '82409336986a02d2657b22714e967ea3') in 0.012706 seconds
  Import took 0.017287 seconds .

========================================================================
Received Import Request.
  Time since last request: 42.464316 seconds.
  path: Assets/Layers/Seabed/Textures/SeabedBG1.png
  artifactKey: Guid(dd64da0c0719e454aab001fc2d76736a) Importer(815301076,1909f56bfc062723c751e8b465ee728b)
Start importing Assets/Layers/Seabed/Textures/SeabedBG1.png using Guid(dd64da0c0719e454aab001fc2d76736a) Importer(815301076,1909f56bfc062723c751e8b465ee728b)  -> (artifact id: '728fc9d74c4ab6af87a0dcbee230df54') in 0.677452 seconds
  Import took 0.682319 seconds .

========================================================================
Received Import Request.
  Time since last request: 0.000331 seconds.
  path: Assets/Layers/Seabed/Textures/SeabedBG5.png
  artifactKey: Guid(2dd9a99e55adb5b4d97e119722bbec62) Importer(815301076,1909f56bfc062723c751e8b465ee728b)
Start importing Assets/Layers/Seabed/Textures/SeabedBG5.png using Guid(2dd9a99e55adb5b4d97e119722bbec62) Importer(815301076,1909f56bfc062723c751e8b465ee728b)  -> (artifact id: '3bfc68b11b57ad576f707d224d605b27') in 0.052277 seconds
  Import took 0.057872 seconds .

========================================================================
Received Import Request.
  Time since last request: 0.000243 seconds.
  path: Assets/Layers/Seabed/Textures/SeabedBG4.png
  artifactKey: Guid(52cd8771143cb1c48bf2d653a67d9dc6) Importer(815301076,1909f56bfc062723c751e8b465ee728b)
Start importing Assets/Layers/Seabed/Textures/SeabedBG4.png using Guid(52cd8771143cb1c48bf2d653a67d9dc6) Importer(815301076,1909f56bfc062723c751e8b465ee728b)  -> (artifact id: 'afa69720cc9787b2b960aead075b45fa') in 0.036853 seconds
  Import took 0.043597 seconds .

========================================================================
Received Import Request.
  Time since last request: 0.000202 seconds.
  path: Assets/Layers/Seabed/Textures/SeabedBG2.png
  artifactKey: Guid(1f62f392d4807a9449bd2b4d6157af37) Importer(815301076,1909f56bfc062723c751e8b465ee728b)
Start importing Assets/Layers/Seabed/Textures/SeabedBG2.png using Guid(1f62f392d4807a9449bd2b4d6157af37) Importer(815301076,1909f56bfc062723c751e8b465ee728b)  -> (artifact id: '4963aebb03e81c3f0a4a779273d301ac') in 0.034475 seconds
  Import took 0.037491 seconds .

========================================================================
Received Import Request.
  Time since last request: 0.000157 seconds.
  path: Assets/Layers/Seabed/Textures/SeabedBG3.png
  artifactKey: Guid(e8c7ca61ed1f4fc48a8ea833c2db1e7c) Importer(815301076,1909f56bfc062723c751e8b465ee728b)
Start importing Assets/Layers/Seabed/Textures/SeabedBG3.png using Guid(e8c7ca61ed1f4fc48a8ea833c2db1e7c) Importer(815301076,1909f56bfc062723c751e8b465ee728b)  -> (artifact id: '0afaf259a5b1e15fc0f1dea1ab128f23') in 0.032464 seconds
  Import took 0.038456 seconds .

========================================================================
Received Import Request.
  Time since last request: 0.000403 seconds.
  path: Assets/Layers/Seabed/Textures/SeabedBG6.png
  artifactKey: Guid(d993ca2b3eee92548948843878f3d627) Importer(815301076,1909f56bfc062723c751e8b465ee728b)
Start importing Assets/Layers/Seabed/Textures/SeabedBG6.png using Guid(d993ca2b3eee92548948843878f3d627) Importer(815301076,1909f56bfc062723c751e8b465ee728b)  -> (artifact id: '621a4c3fc2507d0550001b29acabdfba') in 0.085652 seconds
  Import took 0.090755 seconds .

========================================================================
Received Import Request.
  Time since last request: 0.000215 seconds.
  path: Assets/Layers/Seabed/Textures/SeabedBG3.png
  artifactKey: Guid(e8c7ca61ed1f4fc48a8ea833c2db1e7c) Importer(815301076,1909f56bfc062723c751e8b465ee728b)
Start importing Assets/Layers/Seabed/Textures/SeabedBG3.png using Guid(e8c7ca61ed1f4fc48a8ea833c2db1e7c) Importer(815301076,1909f56bfc062723c751e8b465ee728b)  -> (artifact id: '0afaf259a5b1e15fc0f1dea1ab128f23') in 0.031361 seconds
  Import took 0.037622 seconds .

========================================================================
Received Import Request.
  Time since last request: 0.000741 seconds.
  path: Assets/Layers/Seabed/Textures/SeabedBG7.png
  artifactKey: Guid(91951c1ada61107468d5d8c126deb19c) Importer(815301076,1909f56bfc062723c751e8b465ee728b)
Start importing Assets/Layers/Seabed/Textures/SeabedBG7.png using Guid(91951c1ada61107468d5d8c126deb19c) Importer(815301076,1909f56bfc062723c751e8b465ee728b)  -> (artifact id: 'e99614cff0d49c8cec11d60f805cd79c') in 0.051494 seconds
  Import took 0.058869 seconds .

========================================================================
Received Import Request.
  Time since last request: 25.215888 seconds.
  path: Assets/Layers/Seabed/Textures/SeabedBG1.png
  artifactKey: Guid(dd64da0c0719e454aab001fc2d76736a) Importer(815301076,1909f56bfc062723c751e8b465ee728b)
Start importing Assets/Layers/Seabed/Textures/SeabedBG1.png using Guid(dd64da0c0719e454aab001fc2d76736a) Importer(815301076,1909f56bfc062723c751e8b465ee728b)  -> (artifact id: '2f1a6847a998a0bef662442bd319ecee') in 0.029798 seconds
  Import took 0.033813 seconds .

========================================================================
Received Import Request.
  Time since last request: 32.736071 seconds.
  path: Assets/Layers/Seabed/Textures/SeabedBG2.png
  artifactKey: Guid(1f62f392d4807a9449bd2b4d6157af37) Importer(815301076,1909f56bfc062723c751e8b465ee728b)
Start importing Assets/Layers/Seabed/Textures/SeabedBG2.png using Guid(1f62f392d4807a9449bd2b4d6157af37) Importer(815301076,1909f56bfc062723c751e8b465ee728b)  -> (artifact id: '352a287f863f049a8251a879ba839c67') in 0.033130 seconds
  Import took 0.038518 seconds .

========================================================================
Received Import Request.
  Time since last request: 7.546923 seconds.
  path: Assets/Layers/Seabed/Textures/SeabedBG3.png
  artifactKey: Guid(e8c7ca61ed1f4fc48a8ea833c2db1e7c) Importer(815301076,1909f56bfc062723c751e8b465ee728b)
Start importing Assets/Layers/Seabed/Textures/SeabedBG3.png using Guid(e8c7ca61ed1f4fc48a8ea833c2db1e7c) Importer(815301076,1909f56bfc062723c751e8b465ee728b)  -> (artifact id: 'be464aa83d258daf338108a4e37a9acc') in 0.070556 seconds
  Import took 0.075756 seconds .

========================================================================
Received Import Request.
  Time since last request: 9.343826 seconds.
  path: Assets/Layers/Seabed/Textures/SeabedBG4.png
  artifactKey: Guid(52cd8771143cb1c48bf2d653a67d9dc6) Importer(815301076,1909f56bfc062723c751e8b465ee728b)
Start importing Assets/Layers/Seabed/Textures/SeabedBG4.png using Guid(52cd8771143cb1c48bf2d653a67d9dc6) Importer(815301076,1909f56bfc062723c751e8b465ee728b)  -> (artifact id: '1482129fde443b0bdad0089d1c7b5f00') in 0.031284 seconds
  Import took 0.039711 seconds .

========================================================================
Received Import Request.
  Time since last request: 6.992219 seconds.
  path: Assets/Layers/Seabed/Textures/SeabedBG5.png
  artifactKey: Guid(2dd9a99e55adb5b4d97e119722bbec62) Importer(815301076,1909f56bfc062723c751e8b465ee728b)
Start importing Assets/Layers/Seabed/Textures/SeabedBG5.png using Guid(2dd9a99e55adb5b4d97e119722bbec62) Importer(815301076,1909f56bfc062723c751e8b465ee728b)  -> (artifact id: '714ecb92567e5a9b5c7650364f683eb0') in 0.033868 seconds
  Import took 0.037820 seconds .

========================================================================
Received Import Request.
  Time since last request: 6.483908 seconds.
  path: Assets/Layers/Seabed/Textures/SeabedBG6.png
  artifactKey: Guid(d993ca2b3eee92548948843878f3d627) Importer(815301076,1909f56bfc062723c751e8b465ee728b)
Start importing Assets/Layers/Seabed/Textures/SeabedBG6.png using Guid(d993ca2b3eee92548948843878f3d627) Importer(815301076,1909f56bfc062723c751e8b465ee728b)  -> (artifact id: 'fe7c538f439de687e9cd3e42551c3d52') in 0.032841 seconds
  Import took 0.038177 seconds .

========================================================================
Received Import Request.
  Time since last request: 6.089532 seconds.
  path: Assets/Layers/Seabed/Textures/SeabedBG7.png
  artifactKey: Guid(91951c1ada61107468d5d8c126deb19c) Importer(815301076,1909f56bfc062723c751e8b465ee728b)
Start importing Assets/Layers/Seabed/Textures/SeabedBG7.png using Guid(91951c1ada61107468d5d8c126deb19c) Importer(815301076,1909f56bfc062723c751e8b465ee728b)  -> (artifact id: 'b50dd31191ab4cdb8a6da0b0b47e0d31') in 0.029134 seconds
  Import took 0.033525 seconds .

========================================================================
Received Import Request.
  Time since last request: 114.950249 seconds.
  path: Assets/Layers/Seabed/Seabed.asset
  artifactKey: Guid(9eebe9b0337a4654b8715e24739b1f9a) Importer(815301076,1909f56bfc062723c751e8b465ee728b)
Start importing Assets/Layers/Seabed/Seabed.asset using Guid(9eebe9b0337a4654b8715e24739b1f9a) Importer(815301076,1909f56bfc062723c751e8b465ee728b)  -> (artifact id: 'cbeb29c51261bb93585e7733067b9223') in 0.029900 seconds
  Import took 0.033840 seconds .

========================================================================
Received Import Request.
  Time since last request: 0.000216 seconds.
  path: Assets/Layers/Seabed/VoidMain.asset
  artifactKey: Guid(e77afe366f4bbfb4da2b7ae4956f8b52) Importer(815301076,1909f56bfc062723c751e8b465ee728b)
Start importing Assets/Layers/Seabed/VoidMain.asset using Guid(e77afe366f4bbfb4da2b7ae4956f8b52) Importer(815301076,1909f56bfc062723c751e8b465ee728b)  -> (artifact id: '7c24d4a2f856e93c4c04c01f828d3c67') in 0.010890 seconds
  Import took 0.016127 seconds .

========================================================================
Received Import Request.
  Time since last request: 0.000313 seconds.
  path: Assets/Layers/Seabed/SeabedSum.asset
  artifactKey: Guid(2fdf7644dbe718a4394807f8075b0278) Importer(815301076,1909f56bfc062723c751e8b465ee728b)
Start importing Assets/Layers/Seabed/SeabedSum.asset using Guid(2fdf7644dbe718a4394807f8075b0278) Importer(815301076,1909f56bfc062723c751e8b465ee728b)  -> (artifact id: 'c7bc427c814db79e176650b42ea8719f') in 0.011502 seconds
  Import took 0.019469 seconds .

========================================================================
Received Prepare
Registering precompiled user dll's ...
Registered in 0.059871 seconds.
Begin MonoManager ReloadAssembly
Native extension for WindowsStandalone target not found
Refreshing native plugins compatible for Editor in 0.33 ms, found 1 plugins.
Preloading 0 native plugins for Editor in 0.00 ms.
Invoked RoslynAnalysisRunner static constructor.
RoslynAnalysisRunner will not be running.
RoslynAnalysisRunner has terminated.
Mono: successfully reloaded assembly
- Completed reload, in  0.811 seconds
Platform modules already initialized, skipping
Refreshing native plugins compatible for Editor in 0.88 ms, found 1 plugins.
Preloading 0 native plugins for Editor in 0.00 ms.
Unloading 1781 Unused Serialized files (Serialized files now loaded: 0)
System memory in use before: 87.1 MB.
System memory in use after: 87.2 MB.

Unloading 9 unused Assets to reduce memory usage. Loaded Objects now: 2249.
Total: 3.679300 ms (FindLiveObjects: 0.753800 ms CreateObjectMapping: 0.520000 ms MarkObjects: 2.369700 ms  DeleteObjects: 0.033600 ms)

========================================================================
Received Prepare
Registering precompiled user dll's ...
Registered in 0.000944 seconds.
Begin MonoManager ReloadAssembly
Native extension for WindowsStandalone target not found
Refreshing native plugins compatible for Editor in 0.37 ms, found 1 plugins.
Preloading 0 native plugins for Editor in 0.00 ms.
Invoked RoslynAnalysisRunner static constructor.
RoslynAnalysisRunner will not be running.
RoslynAnalysisRunner has terminated.
Mono: successfully reloaded assembly
- Completed reload, in  1.062 seconds
Platform modules already initialized, skipping
Refreshing native plugins compatible for Editor in 0.51 ms, found 1 plugins.
Preloading 0 native plugins for Editor in 0.00 ms.
Unloading 1781 Unused Serialized files (Serialized files now loaded: 0)
System memory in use before: 87.2 MB.
System memory in use after: 87.3 MB.

Unloading 9 unused Assets to reduce memory usage. Loaded Objects now: 2251.
Total: 3.108600 ms (FindLiveObjects: 0.219600 ms CreateObjectMapping: 0.103300 ms MarkObjects: 2.754800 ms  DeleteObjects: 0.029500 ms)

========================================================================
Received Prepare
Registering precompiled user dll's ...
Registered in 0.001154 seconds.
Begin MonoManager ReloadAssembly
Native extension for WindowsStandalone target not found
Refreshing native plugins compatible for Editor in 0.38 ms, found 1 plugins.
Preloading 0 native plugins for Editor in 0.00 ms.
Invoked RoslynAnalysisRunner static constructor.
RoslynAnalysisRunner will not be running.
RoslynAnalysisRunner has terminated.
Mono: successfully reloaded assembly
- Completed reload, in  1.109 seconds
Platform modules already initialized, skipping
Refreshing native plugins compatible for Editor in 0.37 ms, found 1 plugins.
Preloading 0 native plugins for Editor in 0.00 ms.
Unloading 1781 Unused Serialized files (Serialized files now loaded: 0)
System memory in use before: 87.3 MB.
System memory in use after: 87.4 MB.

Unloading 9 unused Assets to reduce memory usage. Loaded Objects now: 2253.
Total: 147.457200 ms (FindLiveObjects: 0.198300 ms CreateObjectMapping: 0.065600 ms MarkObjects: 147.164700 ms  DeleteObjects: 0.025500 ms)

========================================================================
Received Prepare
Registering precompiled user dll's ...
Registered in 0.000946 seconds.
Begin MonoManager ReloadAssembly
Native extension for WindowsStandalone target not found
Refreshing native plugins compatible for Editor in 0.34 ms, found 1 plugins.
Preloading 0 native plugins for Editor in 0.00 ms.
Invoked RoslynAnalysisRunner static constructor.
RoslynAnalysisRunner will not be running.
RoslynAnalysisRunner has terminated.
Mono: successfully reloaded assembly
- Completed reload, in  1.064 seconds
Platform modules already initialized, skipping
Refreshing native plugins compatible for Editor in 0.33 ms, found 1 plugins.
Preloading 0 native plugins for Editor in 0.00 ms.
Unloading 1781 Unused Serialized files (Serialized files now loaded: 0)
System memory in use before: 87.4 MB.
System memory in use after: 87.5 MB.

Unloading 9 unused Assets to reduce memory usage. Loaded Objects now: 2255.
Total: 2.381200 ms (FindLiveObjects: 0.188100 ms CreateObjectMapping: 0.076700 ms MarkObjects: 2.096600 ms  DeleteObjects: 0.018700 ms)

========================================================================
Received Prepare
Registering precompiled user dll's ...
Registered in 0.000962 seconds.
Begin MonoManager ReloadAssembly
Native extension for WindowsStandalone target not found
Refreshing native plugins compatible for Editor in 0.32 ms, found 1 plugins.
Preloading 0 native plugins for Editor in 0.00 ms.
Invoked RoslynAnalysisRunner static constructor.
RoslynAnalysisRunner will not be running.
RoslynAnalysisRunner has terminated.
Mono: successfully reloaded assembly
- Completed reload, in  0.941 seconds
Platform modules already initialized, skipping
Refreshing native plugins compatible for Editor in 0.51 ms, found 1 plugins.
Preloading 0 native plugins for Editor in 0.00 ms.
Unloading 1781 Unused Serialized files (Serialized files now loaded: 0)
System memory in use before: 87.5 MB.
System memory in use after: 87.6 MB.

Unloading 9 unused Assets to reduce memory usage. Loaded Objects now: 2257.
Total: 3.662100 ms (FindLiveObjects: 0.313100 ms CreateObjectMapping: 0.110500 ms MarkObjects: 3.202800 ms  DeleteObjects: 0.033600 ms)

========================================================================
Received Prepare
Registering precompiled user dll's ...
Registered in 0.000941 seconds.
Begin MonoManager ReloadAssembly
Native extension for WindowsStandalone target not found
Refreshing native plugins compatible for Editor in 0.59 ms, found 1 plugins.
Preloading 0 native plugins for Editor in 0.00 ms.
Invoked RoslynAnalysisRunner static constructor.
RoslynAnalysisRunner will not be running.
RoslynAnalysisRunner has terminated.
Mono: successfully reloaded assembly
- Completed reload, in  1.005 seconds
Platform modules already initialized, skipping
Refreshing native plugins compatible for Editor in 0.56 ms, found 1 plugins.
Preloading 0 native plugins for Editor in 0.00 ms.
Unloading 1781 Unused Serialized files (Serialized files now loaded: 0)
System memory in use before: 87.6 MB.
System memory in use after: 87.7 MB.

Unloading 9 unused Assets to reduce memory usage. Loaded Objects now: 2259.
Total: 2.080300 ms (FindLiveObjects: 0.265500 ms CreateObjectMapping: 0.091400 ms MarkObjects: 1.698600 ms  DeleteObjects: 0.023100 ms)

========================================================================
Received Prepare
Registering precompiled user dll's ...
Registered in 0.000904 seconds.
Begin MonoManager ReloadAssembly
Native extension for WindowsStandalone target not found
Refreshing native plugins compatible for Editor in 0.56 ms, found 1 plugins.
Preloading 0 native plugins for Editor in 0.00 ms.
Invoked RoslynAnalysisRunner static constructor.
RoslynAnalysisRunner will not be running.
RoslynAnalysisRunner has terminated.
Mono: successfully reloaded assembly
- Completed reload, in  1.031 seconds
Platform modules already initialized, skipping
Refreshing native plugins compatible for Editor in 0.35 ms, found 1 plugins.
Preloading 0 native plugins for Editor in 0.00 ms.
Unloading 1781 Unused Serialized files (Serialized files now loaded: 0)
System memory in use before: 87.7 MB.
System memory in use after: 87.8 MB.

Unloading 9 unused Assets to reduce memory usage. Loaded Objects now: 2261.
Total: 1.983000 ms (FindLiveObjects: 0.283100 ms CreateObjectMapping: 0.099600 ms MarkObjects: 1.582700 ms  DeleteObjects: 0.016100 ms)

========================================================================
Received Prepare
Registering precompiled user dll's ...
Registered in 0.001397 seconds.
Begin MonoManager ReloadAssembly
Native extension for WindowsStandalone target not found
Refreshing native plugins compatible for Editor in 0.62 ms, found 1 plugins.
Preloading 0 native plugins for Editor in 0.00 ms.
Invoked RoslynAnalysisRunner static constructor.
RoslynAnalysisRunner will not be running.
RoslynAnalysisRunner has terminated.
Mono: successfully reloaded assembly
- Completed reload, in  1.014 seconds
Platform modules already initialized, skipping
Refreshing native plugins compatible for Editor in 0.56 ms, found 1 plugins.
Preloading 0 native plugins for Editor in 0.00 ms.
Unloading 1781 Unused Serialized files (Serialized files now loaded: 0)
System memory in use before: 87.8 MB.
System memory in use after: 87.9 MB.

Unloading 9 unused Assets to reduce memory usage. Loaded Objects now: 2263.
Total: 2.939200 ms (FindLiveObjects: 0.388400 ms CreateObjectMapping: 0.114800 ms MarkObjects: 2.409200 ms  DeleteObjects: 0.024700 ms)

AssetImportWorkerClient::OnTransportError - code=2 error=End of file
